{"/Users/tarasseniv/Documents/haii_backend/src/app.js": {"path":"/Users/tarasseniv/Documents/haii_backend/src/app.js","statementMap":{"0":{"start":{"line":1,"column":16},"end":{"line":1,"column":34}},"1":{"start":{"line":2,"column":13},"end":{"line":2,"column":28}},"2":{"start":{"line":3,"column":15},"end":{"line":3,"column":32}},"3":{"start":{"line":4,"column":15},"end":{"line":4,"column":32}},"4":{"start":{"line":5,"column":21},"end":{"line":5,"column":45}},"5":{"start":{"line":6,"column":19},"end":{"line":6,"column":41}},"6":{"start":{"line":7,"column":22},"end":{"line":7,"column":57}},"7":{"start":{"line":8,"column":20},"end":{"line":8,"column":45}},"8":{"start":{"line":10,"column":19},"end":{"line":10,"column":36}},"9":{"start":{"line":11,"column":12},"end":{"line":11,"column":21}},"10":{"start":{"line":13,"column":0},"end":{"line":13,"column":23}},"11":{"start":{"line":14,"column":0},"end":{"line":14,"column":24}},"12":{"start":{"line":15,"column":0},"end":{"line":15,"column":51}},"13":{"start":{"line":16,"column":0},"end":{"line":16,"column":24}},"14":{"start":{"line":17,"column":0},"end":{"line":17,"column":21}},"15":{"start":{"line":20,"column":0},"end":{"line":22,"column":3}},"16":{"start":{"line":21,"column":2},"end":{"line":21,"column":36}},"17":{"start":{"line":25,"column":0},"end":{"line":41,"column":3}},"18":{"start":{"line":26,"column":2},"end":{"line":28,"column":3}},"19":{"start":{"line":27,"column":4},"end":{"line":27,"column":20}},"20":{"start":{"line":30,"column":2},"end":{"line":34,"column":3}},"21":{"start":{"line":31,"column":4},"end":{"line":33,"column":7}},"22":{"start":{"line":36,"column":2},"end":{"line":36,"column":32}},"23":{"start":{"line":38,"column":2},"end":{"line":40,"column":5}},"24":{"start":{"line":43,"column":0},"end":{"line":43,"column":21}}},"fnMap":{"0":{"name":"(anonymous_0)","decl":{"start":{"line":20,"column":8},"end":{"line":20,"column":9}},"loc":{"start":{"line":20,"column":34},"end":{"line":22,"column":1}},"line":20},"1":{"name":"(anonymous_1)","decl":{"start":{"line":25,"column":8},"end":{"line":25,"column":9}},"loc":{"start":{"line":25,"column":39},"end":{"line":41,"column":1}},"line":25}},"branchMap":{"0":{"loc":{"start":{"line":26,"column":2},"end":{"line":28,"column":3}},"type":"if","locations":[{"start":{"line":26,"column":2},"end":{"line":28,"column":3}},{"start":{"line":26,"column":2},"end":{"line":28,"column":3}}],"line":26},"1":{"loc":{"start":{"line":30,"column":2},"end":{"line":34,"column":3}},"type":"if","locations":[{"start":{"line":30,"column":2},"end":{"line":34,"column":3}},{"start":{"line":30,"column":2},"end":{"line":34,"column":3}}],"line":30},"2":{"loc":{"start":{"line":31,"column":22},"end":{"line":31,"column":39}},"type":"binary-expr","locations":[{"start":{"line":31,"column":22},"end":{"line":31,"column":32}},{"start":{"line":31,"column":36},"end":{"line":31,"column":39}}],"line":31},"3":{"loc":{"start":{"line":36,"column":13},"end":{"line":36,"column":30}},"type":"binary-expr","locations":[{"start":{"line":36,"column":13},"end":{"line":36,"column":23}},{"start":{"line":36,"column":27},"end":{"line":36,"column":30}}],"line":36}},"s":{"0":1,"1":1,"2":1,"3":1,"4":1,"5":1,"6":1,"7":1,"8":1,"9":1,"10":1,"11":1,"12":1,"13":1,"14":1,"15":1,"16":0,"17":1,"18":0,"19":0,"20":0,"21":0,"22":0,"23":0,"24":1},"f":{"0":0,"1":0},"b":{"0":[0,0],"1":[0,0],"2":[0,0],"3":[0,0]},"_coverageSchema":"1a1c01bbd47fc00a2c39e90264f33305004495a9","hash":"687bd1a62702b90b5a68d643fe6d93b179149e56"}
,"/Users/tarasseniv/Documents/haii_backend/src/config/constants.js": {"path":"/Users/tarasseniv/Documents/haii_backend/src/config/constants.js","statementMap":{"0":{"start":{"line":1,"column":19},"end":{"line":1,"column":76}},"1":{"start":{"line":2,"column":22},"end":{"line":6,"column":1}},"2":{"start":{"line":8,"column":20},"end":{"line":8,"column":21}},"3":{"start":{"line":9,"column":22},"end":{"line":9,"column":23}},"4":{"start":{"line":11,"column":20},"end":{"line":14,"column":1}},"5":{"start":{"line":16,"column":22},"end":{"line":16,"column":31}},"6":{"start":{"line":17,"column":22},"end":{"line":17,"column":31}},"7":{"start":{"line":18,"column":25},"end":{"line":18,"column":44}},"8":{"start":{"line":20,"column":19},"end":{"line":20,"column":26}},"9":{"start":{"line":21,"column":19},"end":{"line":21,"column":26}},"10":{"start":{"line":22,"column":24},"end":{"line":22,"column":41}},"11":{"start":{"line":24,"column":25},"end":{"line":28,"column":1}},"12":{"start":{"line":30,"column":0},"end":{"line":38,"column":1}}},"fnMap":{},"branchMap":{},"s":{"0":2,"1":2,"2":2,"3":2,"4":2,"5":2,"6":2,"7":2,"8":2,"9":2,"10":2,"11":2,"12":2},"f":{},"b":{},"_coverageSchema":"1a1c01bbd47fc00a2c39e90264f33305004495a9","hash":"1703c2ab87149b58d714b28f2ee72d544d78c7f8"}
,"/Users/tarasseniv/Documents/haii_backend/src/config/database.js": {"path":"/Users/tarasseniv/Documents/haii_backend/src/config/database.js","statementMap":{"0":{"start":{"line":1,"column":18},"end":{"line":1,"column":38}},"1":{"start":{"line":2,"column":15},"end":{"line":2,"column":32}},"2":{"start":{"line":4,"column":18},"end":{"line":4,"column":40}},"3":{"start":{"line":6,"column":18},"end":{"line":10,"column":2}},"4":{"start":{"line":12,"column":0},"end":{"line":12,"column":27}}},"fnMap":{},"branchMap":{},"s":{"0":1,"1":1,"2":1,"3":1,"4":1},"f":{},"b":{},"_coverageSchema":"1a1c01bbd47fc00a2c39e90264f33305004495a9","hash":"a591ec3dd80b7de6668e3888753cc86ff1b1e527"}
,"/Users/tarasseniv/Documents/haii_backend/src/controllers/category/Categories.js": {"path":"/Users/tarasseniv/Documents/haii_backend/src/controllers/category/Categories.js","statementMap":{"0":{"start":{"line":1,"column":17},"end":{"line":1,"column":57}},"1":{"start":{"line":3,"column":22},"end":{"line":9,"column":1}},"2":{"start":{"line":4,"column":21},"end":{"line":4,"column":45}},"3":{"start":{"line":6,"column":2},"end":{"line":8,"column":4}},"4":{"start":{"line":11,"column":0},"end":{"line":13,"column":1}}},"fnMap":{"0":{"name":"(anonymous_0)","decl":{"start":{"line":3,"column":22},"end":{"line":3,"column":23}},"loc":{"start":{"line":3,"column":48},"end":{"line":9,"column":1}},"line":3}},"branchMap":{},"s":{"0":1,"1":1,"2":0,"3":0,"4":1},"f":{"0":0},"b":{},"_coverageSchema":"1a1c01bbd47fc00a2c39e90264f33305004495a9","hash":"27d0f951ee94b986271c6e59861d9e09f4d70dc0"}
,"/Users/tarasseniv/Documents/haii_backend/src/controllers/request/CelebrityRequestHandler.js": {"path":"/Users/tarasseniv/Documents/haii_backend/src/controllers/request/CelebrityRequestHandler.js","statementMap":{"0":{"start":{"line":1,"column":13},"end":{"line":1,"column":42}},"1":{"start":{"line":2,"column":16},"end":{"line":2,"column":54}},"2":{"start":{"line":3,"column":20},"end":{"line":3,"column":52}},"3":{"start":{"line":5,"column":20},"end":{"line":41,"column":1}},"4":{"start":{"line":6,"column":28},"end":{"line":6,"column":38}},"5":{"start":{"line":7,"column":25},"end":{"line":7,"column":33}},"6":{"start":{"line":9,"column":18},"end":{"line":13,"column":4}},"7":{"start":{"line":15,"column":2},"end":{"line":23,"column":3}},"8":{"start":{"line":16,"column":4},"end":{"line":22,"column":6}},"9":{"start":{"line":25,"column":22},"end":{"line":25,"column":38}},"10":{"start":{"line":27,"column":2},"end":{"line":35,"column":3}},"11":{"start":{"line":28,"column":4},"end":{"line":34,"column":6}},"12":{"start":{"line":37,"column":2},"end":{"line":40,"column":5}},"13":{"start":{"line":43,"column":20},"end":{"line":47,"column":1}},"14":{"start":{"line":44,"column":2},"end":{"line":46,"column":4}},"15":{"start":{"line":49,"column":0},"end":{"line":52,"column":2}}},"fnMap":{"0":{"name":"(anonymous_0)","decl":{"start":{"line":5,"column":20},"end":{"line":5,"column":21}},"loc":{"start":{"line":5,"column":46},"end":{"line":41,"column":1}},"line":5},"1":{"name":"(anonymous_1)","decl":{"start":{"line":43,"column":20},"end":{"line":43,"column":21}},"loc":{"start":{"line":43,"column":46},"end":{"line":47,"column":1}},"line":43}},"branchMap":{"0":{"loc":{"start":{"line":15,"column":2},"end":{"line":23,"column":3}},"type":"if","locations":[{"start":{"line":15,"column":2},"end":{"line":23,"column":3}},{"start":{"line":15,"column":2},"end":{"line":23,"column":3}}],"line":15},"1":{"loc":{"start":{"line":27,"column":2},"end":{"line":35,"column":3}},"type":"if","locations":[{"start":{"line":27,"column":2},"end":{"line":35,"column":3}},{"start":{"line":27,"column":2},"end":{"line":35,"column":3}}],"line":27}},"s":{"0":1,"1":1,"2":1,"3":1,"4":0,"5":0,"6":0,"7":0,"8":0,"9":0,"10":0,"11":0,"12":0,"13":1,"14":1,"15":1},"f":{"0":0,"1":1},"b":{"0":[0,0],"1":[0,0]},"_coverageSchema":"1a1c01bbd47fc00a2c39e90264f33305004495a9","hash":"105eb7238c386d23c58dbaefb03e638400284490"}
,"/Users/tarasseniv/Documents/haii_backend/src/controllers/request/Request.js": {"path":"/Users/tarasseniv/Documents/haii_backend/src/controllers/request/Request.js","statementMap":{"0":{"start":{"line":1,"column":13},"end":{"line":1,"column":42}},"1":{"start":{"line":2,"column":16},"end":{"line":2,"column":54}},"2":{"start":{"line":3,"column":20},"end":{"line":3,"column":52}},"3":{"start":{"line":4,"column":24},"end":{"line":4,"column":56}},"4":{"start":{"line":5,"column":26},"end":{"line":5,"column":58}},"5":{"start":{"line":6,"column":27},"end":{"line":6,"column":69}},"6":{"start":{"line":7,"column":31},"end":{"line":7,"column":32}},"7":{"start":{"line":8,"column":23},"end":{"line":8,"column":24}},"8":{"start":{"line":10,"column":22},"end":{"line":128,"column":1}},"9":{"start":{"line":11,"column":23},"end":{"line":11,"column":31}},"10":{"start":{"line":21,"column":6},"end":{"line":21,"column":14}},"11":{"start":{"line":23,"column":2},"end":{"line":31,"column":3}},"12":{"start":{"line":24,"column":4},"end":{"line":30,"column":6}},"13":{"start":{"line":33,"column":2},"end":{"line":41,"column":3}},"14":{"start":{"line":34,"column":4},"end":{"line":40,"column":6}},"15":{"start":{"line":43,"column":29},"end":{"line":43,"column":76}},"16":{"start":{"line":45,"column":2},"end":{"line":53,"column":3}},"17":{"start":{"line":46,"column":4},"end":{"line":52,"column":6}},"18":{"start":{"line":55,"column":24},"end":{"line":55,"column":51}},"19":{"start":{"line":57,"column":2},"end":{"line":65,"column":3}},"20":{"start":{"line":58,"column":4},"end":{"line":64,"column":6}},"21":{"start":{"line":67,"column":2},"end":{"line":75,"column":3}},"22":{"start":{"line":68,"column":4},"end":{"line":74,"column":6}},"23":{"start":{"line":77,"column":18},"end":{"line":77,"column":29}},"24":{"start":{"line":78,"column":18},"end":{"line":78,"column":72}},"25":{"start":{"line":80,"column":21},"end":{"line":80,"column":55}},"26":{"start":{"line":82,"column":2},"end":{"line":90,"column":3}},"27":{"start":{"line":83,"column":4},"end":{"line":89,"column":6}},"28":{"start":{"line":92,"column":16},"end":{"line":94,"column":33}},"29":{"start":{"line":96,"column":22},"end":{"line":110,"column":3}},"30":{"start":{"line":112,"column":18},"end":{"line":118,"column":4}},"31":{"start":{"line":113,"column":19},"end":{"line":115,"column":6}},"32":{"start":{"line":117,"column":4},"end":{"line":117,"column":17}},"33":{"start":{"line":120,"column":2},"end":{"line":122,"column":3}},"34":{"start":{"line":121,"column":4},"end":{"line":121,"column":11}},"35":{"start":{"line":124,"column":2},"end":{"line":127,"column":5}},"36":{"start":{"line":130,"column":0},"end":{"line":132,"column":2}}},"fnMap":{"0":{"name":"(anonymous_0)","decl":{"start":{"line":10,"column":22},"end":{"line":10,"column":23}},"loc":{"start":{"line":10,"column":48},"end":{"line":128,"column":1}},"line":10},"1":{"name":"(anonymous_1)","decl":{"start":{"line":112,"column":58},"end":{"line":112,"column":59}},"loc":{"start":{"line":112,"column":67},"end":{"line":118,"column":3}},"line":112}},"branchMap":{"0":{"loc":{"start":{"line":20,"column":4},"end":{"line":20,"column":17}},"type":"default-arg","locations":[{"start":{"line":20,"column":12},"end":{"line":20,"column":17}}],"line":20},"1":{"loc":{"start":{"line":23,"column":2},"end":{"line":31,"column":3}},"type":"if","locations":[{"start":{"line":23,"column":2},"end":{"line":31,"column":3}},{"start":{"line":23,"column":2},"end":{"line":31,"column":3}}],"line":23},"2":{"loc":{"start":{"line":33,"column":2},"end":{"line":41,"column":3}},"type":"if","locations":[{"start":{"line":33,"column":2},"end":{"line":41,"column":3}},{"start":{"line":33,"column":2},"end":{"line":41,"column":3}}],"line":33},"3":{"loc":{"start":{"line":45,"column":2},"end":{"line":53,"column":3}},"type":"if","locations":[{"start":{"line":45,"column":2},"end":{"line":53,"column":3}},{"start":{"line":45,"column":2},"end":{"line":53,"column":3}}],"line":45},"4":{"loc":{"start":{"line":57,"column":2},"end":{"line":65,"column":3}},"type":"if","locations":[{"start":{"line":57,"column":2},"end":{"line":65,"column":3}},{"start":{"line":57,"column":2},"end":{"line":65,"column":3}}],"line":57},"5":{"loc":{"start":{"line":67,"column":2},"end":{"line":75,"column":3}},"type":"if","locations":[{"start":{"line":67,"column":2},"end":{"line":75,"column":3}},{"start":{"line":67,"column":2},"end":{"line":75,"column":3}}],"line":67},"6":{"loc":{"start":{"line":82,"column":2},"end":{"line":90,"column":3}},"type":"if","locations":[{"start":{"line":82,"column":2},"end":{"line":90,"column":3}},{"start":{"line":82,"column":2},"end":{"line":90,"column":3}}],"line":82},"7":{"loc":{"start":{"line":82,"column":6},"end":{"line":82,"column":62}},"type":"binary-expr","locations":[{"start":{"line":82,"column":6},"end":{"line":82,"column":48}},{"start":{"line":82,"column":52},"end":{"line":82,"column":62}}],"line":82},"8":{"loc":{"start":{"line":92,"column":16},"end":{"line":94,"column":33}},"type":"cond-expr","locations":[{"start":{"line":93,"column":6},"end":{"line":93,"column":41}},{"start":{"line":94,"column":6},"end":{"line":94,"column":33}}],"line":92},"9":{"loc":{"start":{"line":120,"column":2},"end":{"line":122,"column":3}},"type":"if","locations":[{"start":{"line":120,"column":2},"end":{"line":122,"column":3}},{"start":{"line":120,"column":2},"end":{"line":122,"column":3}}],"line":120}},"s":{"0":1,"1":1,"2":1,"3":1,"4":1,"5":1,"6":1,"7":1,"8":1,"9":0,"10":0,"11":0,"12":0,"13":0,"14":0,"15":0,"16":0,"17":0,"18":0,"19":0,"20":0,"21":0,"22":0,"23":0,"24":0,"25":0,"26":0,"27":0,"28":0,"29":0,"30":0,"31":0,"32":0,"33":0,"34":0,"35":0,"36":1},"f":{"0":0,"1":0},"b":{"0":[0],"1":[0,0],"2":[0,0],"3":[0,0],"4":[0,0],"5":[0,0],"6":[0,0],"7":[0,0],"8":[0,0],"9":[0,0]},"_coverageSchema":"1a1c01bbd47fc00a2c39e90264f33305004495a9","hash":"170822fb87e7ef6faab5fd7a2c59c8f5ede00026"}
,"/Users/tarasseniv/Documents/haii_backend/src/controllers/request/RequestsList.js": {"path":"/Users/tarasseniv/Documents/haii_backend/src/controllers/request/RequestsList.js","statementMap":{"0":{"start":{"line":1,"column":13},"end":{"line":1,"column":42}},"1":{"start":{"line":2,"column":16},"end":{"line":2,"column":54}},"2":{"start":{"line":4,"column":24},"end":{"line":14,"column":1}},"3":{"start":{"line":16,"column":24},"end":{"line":34,"column":1}},"4":{"start":{"line":17,"column":17},"end":{"line":17,"column":25}},"5":{"start":{"line":19,"column":23},"end":{"line":29,"column":4}},"6":{"start":{"line":31,"column":2},"end":{"line":33,"column":4}},"7":{"start":{"line":36,"column":28},"end":{"line":54,"column":1}},"8":{"start":{"line":37,"column":17},"end":{"line":37,"column":25}},"9":{"start":{"line":39,"column":23},"end":{"line":49,"column":4}},"10":{"start":{"line":51,"column":2},"end":{"line":53,"column":4}},"11":{"start":{"line":56,"column":0},"end":{"line":59,"column":1}}},"fnMap":{"0":{"name":"(anonymous_0)","decl":{"start":{"line":16,"column":24},"end":{"line":16,"column":25}},"loc":{"start":{"line":16,"column":50},"end":{"line":34,"column":1}},"line":16},"1":{"name":"(anonymous_1)","decl":{"start":{"line":36,"column":28},"end":{"line":36,"column":29}},"loc":{"start":{"line":36,"column":54},"end":{"line":54,"column":1}},"line":36}},"branchMap":{},"s":{"0":1,"1":1,"2":1,"3":1,"4":0,"5":0,"6":0,"7":1,"8":0,"9":0,"10":0,"11":1},"f":{"0":0,"1":0},"b":{},"_coverageSchema":"1a1c01bbd47fc00a2c39e90264f33305004495a9","hash":"936043d095c0d683002c0734ea0f11eb9ab722f2"}
,"/Users/tarasseniv/Documents/haii_backend/src/controllers/user/Auth.js": {"path":"/Users/tarasseniv/Documents/haii_backend/src/controllers/user/Auth.js","statementMap":{"0":{"start":{"line":1,"column":15},"end":{"line":1,"column":32}},"1":{"start":{"line":2,"column":13},"end":{"line":2,"column":42}},"2":{"start":{"line":3,"column":20},"end":{"line":3,"column":52}},"3":{"start":{"line":4,"column":21},"end":{"line":4,"column":57}},"4":{"start":{"line":6,"column":14},"end":{"line":59,"column":1}},"5":{"start":{"line":7,"column":30},"end":{"line":7,"column":38}},"6":{"start":{"line":8,"column":25},"end":{"line":8,"column":53}},"7":{"start":{"line":10,"column":15},"end":{"line":14,"column":4}},"8":{"start":{"line":16,"column":2},"end":{"line":24,"column":3}},"9":{"start":{"line":17,"column":4},"end":{"line":23,"column":5}},"10":{"start":{"line":26,"column":26},"end":{"line":26,"column":71}},"11":{"start":{"line":28,"column":2},"end":{"line":36,"column":3}},"12":{"start":{"line":29,"column":4},"end":{"line":35,"column":5}},"13":{"start":{"line":38,"column":2},"end":{"line":46,"column":3}},"14":{"start":{"line":39,"column":4},"end":{"line":45,"column":5}},"15":{"start":{"line":48,"column":2},"end":{"line":48,"column":49}},"16":{"start":{"line":50,"column":15},"end":{"line":50,"column":28}},"17":{"start":{"line":52,"column":2},"end":{"line":52,"column":23}},"18":{"start":{"line":53,"column":2},"end":{"line":53,"column":30}},"19":{"start":{"line":55,"column":2},"end":{"line":58,"column":5}},"20":{"start":{"line":61,"column":0},"end":{"line":63,"column":1}}},"fnMap":{"0":{"name":"(anonymous_0)","decl":{"start":{"line":6,"column":14},"end":{"line":6,"column":15}},"loc":{"start":{"line":6,"column":40},"end":{"line":59,"column":1}},"line":6}},"branchMap":{"0":{"loc":{"start":{"line":8,"column":25},"end":{"line":8,"column":53}},"type":"binary-expr","locations":[{"start":{"line":8,"column":25},"end":{"line":8,"column":30}},{"start":{"line":8,"column":34},"end":{"line":8,"column":53}}],"line":8},"1":{"loc":{"start":{"line":16,"column":2},"end":{"line":24,"column":3}},"type":"if","locations":[{"start":{"line":16,"column":2},"end":{"line":24,"column":3}},{"start":{"line":16,"column":2},"end":{"line":24,"column":3}}],"line":16},"2":{"loc":{"start":{"line":28,"column":2},"end":{"line":36,"column":3}},"type":"if","locations":[{"start":{"line":28,"column":2},"end":{"line":36,"column":3}},{"start":{"line":28,"column":2},"end":{"line":36,"column":3}}],"line":28},"3":{"loc":{"start":{"line":38,"column":2},"end":{"line":46,"column":3}},"type":"if","locations":[{"start":{"line":38,"column":2},"end":{"line":46,"column":3}},{"start":{"line":38,"column":2},"end":{"line":46,"column":3}}],"line":38}},"s":{"0":1,"1":1,"2":1,"3":1,"4":1,"5":0,"6":0,"7":0,"8":0,"9":0,"10":0,"11":0,"12":0,"13":0,"14":0,"15":0,"16":0,"17":0,"18":0,"19":0,"20":1},"f":{"0":0},"b":{"0":[0,0],"1":[0,0],"2":[0,0],"3":[0,0]},"_coverageSchema":"1a1c01bbd47fc00a2c39e90264f33305004495a9","hash":"1be3f1219c080e8c15d04ce09fa1010c714e1000"}
,"/Users/tarasseniv/Documents/haii_backend/src/controllers/user/SignUpSteps.js": {"path":"/Users/tarasseniv/Documents/haii_backend/src/controllers/user/SignUpSteps.js","statementMap":{"0":{"start":{"line":1,"column":13},"end":{"line":1,"column":42}},"1":{"start":{"line":2,"column":17},"end":{"line":2,"column":57}},"2":{"start":{"line":4,"column":26},"end":{"line":4,"column":58}},"3":{"start":{"line":5,"column":39},"end":{"line":5,"column":71}},"4":{"start":{"line":9,"column":4},"end":{"line":9,"column":43}},"5":{"start":{"line":11,"column":16},"end":{"line":89,"column":1}},"6":{"start":{"line":12,"column":17},"end":{"line":12,"column":25}},"7":{"start":{"line":14,"column":15},"end":{"line":18,"column":4}},"8":{"start":{"line":20,"column":2},"end":{"line":28,"column":3}},"9":{"start":{"line":21,"column":4},"end":{"line":27,"column":6}},"10":{"start":{"line":30,"column":2},"end":{"line":38,"column":3}},"11":{"start":{"line":31,"column":4},"end":{"line":37,"column":6}},"12":{"start":{"line":40,"column":2},"end":{"line":48,"column":3}},"13":{"start":{"line":41,"column":4},"end":{"line":47,"column":6}},"14":{"start":{"line":50,"column":22},"end":{"line":50,"column":37}},"15":{"start":{"line":52,"column":2},"end":{"line":60,"column":3}},"16":{"start":{"line":53,"column":4},"end":{"line":57,"column":5}},"17":{"start":{"line":54,"column":6},"end":{"line":54,"column":77}},"18":{"start":{"line":56,"column":6},"end":{"line":56,"column":74}},"19":{"start":{"line":59,"column":4},"end":{"line":59,"column":40}},"20":{"start":{"line":70,"column":6},"end":{"line":70,"column":14}},"21":{"start":{"line":72,"column":2},"end":{"line":72,"column":19}},"22":{"start":{"line":73,"column":2},"end":{"line":73,"column":41}},"23":{"start":{"line":74,"column":2},"end":{"line":74,"column":33}},"24":{"start":{"line":76,"column":2},"end":{"line":82,"column":3}},"25":{"start":{"line":77,"column":4},"end":{"line":77,"column":29}},"26":{"start":{"line":78,"column":4},"end":{"line":78,"column":67}},"27":{"start":{"line":79,"column":4},"end":{"line":79,"column":39}},"28":{"start":{"line":80,"column":4},"end":{"line":80,"column":55}},"29":{"start":{"line":81,"column":4},"end":{"line":81,"column":29}},"30":{"start":{"line":84,"column":2},"end":{"line":84,"column":20}},"31":{"start":{"line":86,"column":2},"end":{"line":88,"column":5}},"32":{"start":{"line":91,"column":16},"end":{"line":150,"column":1}},"33":{"start":{"line":92,"column":17},"end":{"line":92,"column":25}},"34":{"start":{"line":93,"column":29},"end":{"line":93,"column":37}},"35":{"start":{"line":95,"column":15},"end":{"line":99,"column":4}},"36":{"start":{"line":101,"column":2},"end":{"line":109,"column":3}},"37":{"start":{"line":102,"column":4},"end":{"line":108,"column":6}},"38":{"start":{"line":111,"column":2},"end":{"line":119,"column":3}},"39":{"start":{"line":112,"column":4},"end":{"line":118,"column":6}},"40":{"start":{"line":121,"column":2},"end":{"line":129,"column":3}},"41":{"start":{"line":122,"column":4},"end":{"line":128,"column":6}},"42":{"start":{"line":131,"column":2},"end":{"line":141,"column":3}},"43":{"start":{"line":132,"column":4},"end":{"line":132,"column":40}},"44":{"start":{"line":134,"column":4},"end":{"line":140,"column":6}},"45":{"start":{"line":143,"column":2},"end":{"line":143,"column":40}},"46":{"start":{"line":145,"column":2},"end":{"line":145,"column":19}},"47":{"start":{"line":147,"column":2},"end":{"line":149,"column":5}},"48":{"start":{"line":152,"column":0},"end":{"line":155,"column":2}}},"fnMap":{"0":{"name":"(anonymous_0)","decl":{"start":{"line":11,"column":16},"end":{"line":11,"column":17}},"loc":{"start":{"line":11,"column":42},"end":{"line":89,"column":1}},"line":11},"1":{"name":"(anonymous_1)","decl":{"start":{"line":91,"column":16},"end":{"line":91,"column":17}},"loc":{"start":{"line":91,"column":42},"end":{"line":150,"column":1}},"line":91}},"branchMap":{"0":{"loc":{"start":{"line":20,"column":2},"end":{"line":28,"column":3}},"type":"if","locations":[{"start":{"line":20,"column":2},"end":{"line":28,"column":3}},{"start":{"line":20,"column":2},"end":{"line":28,"column":3}}],"line":20},"1":{"loc":{"start":{"line":30,"column":2},"end":{"line":38,"column":3}},"type":"if","locations":[{"start":{"line":30,"column":2},"end":{"line":38,"column":3}},{"start":{"line":30,"column":2},"end":{"line":38,"column":3}}],"line":30},"2":{"loc":{"start":{"line":40,"column":2},"end":{"line":48,"column":3}},"type":"if","locations":[{"start":{"line":40,"column":2},"end":{"line":48,"column":3}},{"start":{"line":40,"column":2},"end":{"line":48,"column":3}}],"line":40},"3":{"loc":{"start":{"line":53,"column":4},"end":{"line":57,"column":5}},"type":"if","locations":[{"start":{"line":53,"column":4},"end":{"line":57,"column":5}},{"start":{"line":53,"column":4},"end":{"line":57,"column":5}}],"line":53},"4":{"loc":{"start":{"line":65,"column":4},"end":{"line":65,"column":39}},"type":"default-arg","locations":[{"start":{"line":65,"column":34},"end":{"line":65,"column":39}}],"line":65},"5":{"loc":{"start":{"line":67,"column":4},"end":{"line":67,"column":32}},"type":"default-arg","locations":[{"start":{"line":67,"column":28},"end":{"line":67,"column":32}}],"line":67},"6":{"loc":{"start":{"line":76,"column":2},"end":{"line":82,"column":3}},"type":"if","locations":[{"start":{"line":76,"column":2},"end":{"line":82,"column":3}},{"start":{"line":76,"column":2},"end":{"line":82,"column":3}}],"line":76},"7":{"loc":{"start":{"line":93,"column":10},"end":{"line":93,"column":25}},"type":"default-arg","locations":[{"start":{"line":93,"column":23},"end":{"line":93,"column":25}}],"line":93},"8":{"loc":{"start":{"line":101,"column":2},"end":{"line":109,"column":3}},"type":"if","locations":[{"start":{"line":101,"column":2},"end":{"line":109,"column":3}},{"start":{"line":101,"column":2},"end":{"line":109,"column":3}}],"line":101},"9":{"loc":{"start":{"line":111,"column":2},"end":{"line":119,"column":3}},"type":"if","locations":[{"start":{"line":111,"column":2},"end":{"line":119,"column":3}},{"start":{"line":111,"column":2},"end":{"line":119,"column":3}}],"line":111},"10":{"loc":{"start":{"line":121,"column":2},"end":{"line":129,"column":3}},"type":"if","locations":[{"start":{"line":121,"column":2},"end":{"line":129,"column":3}},{"start":{"line":121,"column":2},"end":{"line":129,"column":3}}],"line":121}},"s":{"0":1,"1":1,"2":1,"3":1,"4":1,"5":1,"6":0,"7":0,"8":0,"9":0,"10":0,"11":0,"12":0,"13":0,"14":0,"15":0,"16":0,"17":0,"18":0,"19":0,"20":0,"21":0,"22":0,"23":0,"24":0,"25":0,"26":0,"27":0,"28":0,"29":0,"30":0,"31":0,"32":1,"33":0,"34":0,"35":0,"36":0,"37":0,"38":0,"39":0,"40":0,"41":0,"42":0,"43":0,"44":0,"45":0,"46":0,"47":0,"48":1},"f":{"0":0,"1":0},"b":{"0":[0,0],"1":[0,0],"2":[0,0],"3":[0,0],"4":[0],"5":[0],"6":[0,0],"7":[0],"8":[0,0],"9":[0,0],"10":[0,0]},"_coverageSchema":"1a1c01bbd47fc00a2c39e90264f33305004495a9","hash":"b9d23f08cf6b0a47af3e26eb5efc4a9f062ceacf"}
,"/Users/tarasseniv/Documents/haii_backend/src/controllers/user/User.js": {"path":"/Users/tarasseniv/Documents/haii_backend/src/controllers/user/User.js","statementMap":{"0":{"start":{"line":1,"column":13},"end":{"line":1,"column":42}},"1":{"start":{"line":2,"column":20},"end":{"line":2,"column":52}},"2":{"start":{"line":3,"column":21},"end":{"line":3,"column":57}},"3":{"start":{"line":4,"column":26},"end":{"line":4,"column":58}},"4":{"start":{"line":6,"column":15},"end":{"line":36,"column":1}},"5":{"start":{"line":7,"column":50},"end":{"line":7,"column":58}},"6":{"start":{"line":8,"column":25},"end":{"line":8,"column":53}},"7":{"start":{"line":10,"column":15},"end":{"line":16,"column":4}},"8":{"start":{"line":15,"column":4},"end":{"line":15,"column":14}},"9":{"start":{"line":20,"column":2},"end":{"line":22,"column":3}},"10":{"start":{"line":21,"column":4},"end":{"line":21,"column":11}},"11":{"start":{"line":24,"column":15},"end":{"line":24,"column":28}},"12":{"start":{"line":26,"column":2},"end":{"line":26,"column":23}},"13":{"start":{"line":28,"column":2},"end":{"line":30,"column":3}},"14":{"start":{"line":29,"column":4},"end":{"line":29,"column":32}},"15":{"start":{"line":32,"column":2},"end":{"line":35,"column":5}},"16":{"start":{"line":38,"column":15},"end":{"line":78,"column":1}},"17":{"start":{"line":39,"column":20},"end":{"line":39,"column":30}},"18":{"start":{"line":41,"column":23},"end":{"line":45,"column":4}},"19":{"start":{"line":47,"column":2},"end":{"line":55,"column":3}},"20":{"start":{"line":48,"column":4},"end":{"line":54,"column":6}},"21":{"start":{"line":57,"column":2},"end":{"line":65,"column":3}},"22":{"start":{"line":58,"column":4},"end":{"line":64,"column":6}},"23":{"start":{"line":67,"column":2},"end":{"line":67,"column":34}},"24":{"start":{"line":68,"column":2},"end":{"line":68,"column":38}},"25":{"start":{"line":69,"column":2},"end":{"line":69,"column":49}},"26":{"start":{"line":71,"column":2},"end":{"line":71,"column":67}},"27":{"start":{"line":73,"column":2},"end":{"line":73,"column":28}},"28":{"start":{"line":75,"column":2},"end":{"line":77,"column":5}},"29":{"start":{"line":80,"column":0},"end":{"line":83,"column":2}}},"fnMap":{"0":{"name":"(anonymous_0)","decl":{"start":{"line":6,"column":15},"end":{"line":6,"column":16}},"loc":{"start":{"line":6,"column":41},"end":{"line":36,"column":1}},"line":6},"1":{"name":"(anonymous_1)","decl":{"start":{"line":14,"column":11},"end":{"line":14,"column":12}},"loc":{"start":{"line":14,"column":26},"end":{"line":16,"column":3}},"line":14},"2":{"name":"(anonymous_2)","decl":{"start":{"line":38,"column":15},"end":{"line":38,"column":16}},"loc":{"start":{"line":38,"column":41},"end":{"line":78,"column":1}},"line":38}},"branchMap":{"0":{"loc":{"start":{"line":7,"column":27},"end":{"line":7,"column":45}},"type":"default-arg","locations":[{"start":{"line":7,"column":40},"end":{"line":7,"column":45}}],"line":7},"1":{"loc":{"start":{"line":8,"column":25},"end":{"line":8,"column":53}},"type":"binary-expr","locations":[{"start":{"line":8,"column":25},"end":{"line":8,"column":30}},{"start":{"line":8,"column":34},"end":{"line":8,"column":53}}],"line":8},"2":{"loc":{"start":{"line":20,"column":2},"end":{"line":22,"column":3}},"type":"if","locations":[{"start":{"line":20,"column":2},"end":{"line":22,"column":3}},{"start":{"line":20,"column":2},"end":{"line":22,"column":3}}],"line":20},"3":{"loc":{"start":{"line":28,"column":2},"end":{"line":30,"column":3}},"type":"if","locations":[{"start":{"line":28,"column":2},"end":{"line":30,"column":3}},{"start":{"line":28,"column":2},"end":{"line":30,"column":3}}],"line":28},"4":{"loc":{"start":{"line":47,"column":2},"end":{"line":55,"column":3}},"type":"if","locations":[{"start":{"line":47,"column":2},"end":{"line":55,"column":3}},{"start":{"line":47,"column":2},"end":{"line":55,"column":3}}],"line":47},"5":{"loc":{"start":{"line":57,"column":2},"end":{"line":65,"column":3}},"type":"if","locations":[{"start":{"line":57,"column":2},"end":{"line":65,"column":3}},{"start":{"line":57,"column":2},"end":{"line":65,"column":3}}],"line":57}},"s":{"0":1,"1":1,"2":1,"3":1,"4":1,"5":0,"6":0,"7":0,"8":0,"9":0,"10":0,"11":0,"12":0,"13":0,"14":0,"15":0,"16":1,"17":0,"18":0,"19":0,"20":0,"21":0,"22":0,"23":0,"24":0,"25":0,"26":0,"27":0,"28":0,"29":1},"f":{"0":0,"1":0,"2":0},"b":{"0":[0],"1":[0,0],"2":[0,0],"3":[0,0],"4":[0,0],"5":[0,0]},"_coverageSchema":"1a1c01bbd47fc00a2c39e90264f33305004495a9","hash":"5dca20a87c248b238c852e5e8efeb9f5d921f10c"}
,"/Users/tarasseniv/Documents/haii_backend/src/controllers/user/UserDetails.js": {"path":"/Users/tarasseniv/Documents/haii_backend/src/controllers/user/UserDetails.js","statementMap":{"0":{"start":{"line":1,"column":13},"end":{"line":1,"column":42}},"1":{"start":{"line":2,"column":14},"end":{"line":2,"column":48}},"2":{"start":{"line":3,"column":17},"end":{"line":3,"column":62}},"3":{"start":{"line":7,"column":4},"end":{"line":7,"column":43}},"4":{"start":{"line":8,"column":15},"end":{"line":8,"column":35}},"5":{"start":{"line":16,"column":4},"end":{"line":16,"column":32}},"6":{"start":{"line":23,"column":4},"end":{"line":23,"column":36}},"7":{"start":{"line":25,"column":39},"end":{"line":25,"column":71}},"8":{"start":{"line":27,"column":26},"end":{"line":45,"column":1}},"9":{"start":{"line":28,"column":17},"end":{"line":28,"column":25}},"10":{"start":{"line":30,"column":22},"end":{"line":35,"column":4}},"11":{"start":{"line":37,"column":15},"end":{"line":37,"column":35}},"12":{"start":{"line":39,"column":2},"end":{"line":39,"column":23}},"13":{"start":{"line":40,"column":2},"end":{"line":40,"column":30}},"14":{"start":{"line":42,"column":2},"end":{"line":44,"column":5}},"15":{"start":{"line":47,"column":32},"end":{"line":55,"column":1}},"16":{"start":{"line":57,"column":29},"end":{"line":57,"column":52}},"17":{"start":{"line":59,"column":26},"end":{"line":101,"column":1}},"18":{"start":{"line":60,"column":17},"end":{"line":60,"column":25}},"19":{"start":{"line":61,"column":23},"end":{"line":61,"column":25}},"20":{"start":{"line":62,"column":19},"end":{"line":62,"column":39}},"21":{"start":{"line":64,"column":22},"end":{"line":64,"column":46}},"22":{"start":{"line":66,"column":25},"end":{"line":68,"column":26}},"23":{"start":{"line":70,"column":2},"end":{"line":78,"column":3}},"24":{"start":{"line":71,"column":4},"end":{"line":73,"column":5}},"25":{"start":{"line":72,"column":6},"end":{"line":72,"column":36}},"26":{"start":{"line":75,"column":4},"end":{"line":77,"column":5}},"27":{"start":{"line":76,"column":6},"end":{"line":76,"column":36}},"28":{"start":{"line":80,"column":2},"end":{"line":90,"column":3}},"29":{"start":{"line":81,"column":4},"end":{"line":87,"column":5}},"30":{"start":{"line":82,"column":6},"end":{"line":84,"column":9}},"31":{"start":{"line":86,"column":6},"end":{"line":86,"column":78}},"32":{"start":{"line":89,"column":4},"end":{"line":89,"column":40}},"33":{"start":{"line":92,"column":2},"end":{"line":96,"column":5}},"34":{"start":{"line":98,"column":2},"end":{"line":100,"column":5}},"35":{"start":{"line":103,"column":21},"end":{"line":133,"column":1}},"36":{"start":{"line":104,"column":2},"end":{"line":132,"column":5}},"37":{"start":{"line":105,"column":4},"end":{"line":131,"column":5}},"38":{"start":{"line":106,"column":32},"end":{"line":106,"column":46}},"39":{"start":{"line":108,"column":6},"end":{"line":116,"column":7}},"40":{"start":{"line":109,"column":42},"end":{"line":113,"column":9}},"41":{"start":{"line":115,"column":8},"end":{"line":115,"column":54}},"42":{"start":{"line":118,"column":6},"end":{"line":126,"column":7}},"43":{"start":{"line":119,"column":39},"end":{"line":123,"column":9}},"44":{"start":{"line":125,"column":8},"end":{"line":125,"column":51}},"45":{"start":{"line":128,"column":6},"end":{"line":128,"column":16}},"46":{"start":{"line":130,"column":6},"end":{"line":130,"column":16}},"47":{"start":{"line":135,"column":22},"end":{"line":135,"column":62}},"48":{"start":{"line":137,"column":20},"end":{"line":191,"column":1}},"49":{"start":{"line":138,"column":17},"end":{"line":138,"column":25}},"50":{"start":{"line":139,"column":18},"end":{"line":139,"column":29}},"51":{"start":{"line":140,"column":15},"end":{"line":140,"column":38}},"52":{"start":{"line":141,"column":24},"end":{"line":141,"column":42}},"53":{"start":{"line":143,"column":25},"end":{"line":148,"column":4}},"54":{"start":{"line":150,"column":2},"end":{"line":155,"column":3}},"55":{"start":{"line":151,"column":4},"end":{"line":154,"column":7}},"56":{"start":{"line":152,"column":6},"end":{"line":152,"column":31}},"57":{"start":{"line":153,"column":6},"end":{"line":153,"column":27}},"58":{"start":{"line":157,"column":2},"end":{"line":165,"column":3}},"59":{"start":{"line":158,"column":4},"end":{"line":164,"column":6}},"60":{"start":{"line":167,"column":19},"end":{"line":167,"column":28}},"61":{"start":{"line":169,"column":23},"end":{"line":169,"column":79}},"62":{"start":{"line":171,"column":22},"end":{"line":173,"column":4}},"63":{"start":{"line":172,"column":4},"end":{"line":172,"column":30}},"64":{"start":{"line":175,"column":2},"end":{"line":177,"column":3}},"65":{"start":{"line":176,"column":4},"end":{"line":176,"column":11}},"66":{"start":{"line":179,"column":16},"end":{"line":184,"column":4}},"67":{"start":{"line":186,"column":2},"end":{"line":190,"column":5}},"68":{"start":{"line":193,"column":31},"end":{"line":313,"column":1}},"69":{"start":{"line":194,"column":17},"end":{"line":194,"column":25}},"70":{"start":{"line":195,"column":26},"end":{"line":195,"column":35}},"71":{"start":{"line":197,"column":16},"end":{"line":202,"column":4}},"72":{"start":{"line":204,"column":2},"end":{"line":212,"column":3}},"73":{"start":{"line":205,"column":4},"end":{"line":211,"column":6}},"74":{"start":{"line":214,"column":24},"end":{"line":223,"column":4}},"75":{"start":{"line":225,"column":2},"end":{"line":240,"column":3}},"76":{"start":{"line":226,"column":4},"end":{"line":226,"column":38}},"77":{"start":{"line":228,"column":4},"end":{"line":237,"column":7}},"78":{"start":{"line":239,"column":4},"end":{"line":239,"column":19}},"79":{"start":{"line":242,"column":20},"end":{"line":242,"column":34}},"80":{"start":{"line":244,"column":31},"end":{"line":248,"column":3}},"81":{"start":{"line":250,"column":32},"end":{"line":254,"column":3}},"82":{"start":{"line":256,"column":17},"end":{"line":256,"column":76}},"83":{"start":{"line":258,"column":2},"end":{"line":266,"column":3}},"84":{"start":{"line":259,"column":4},"end":{"line":265,"column":6}},"85":{"start":{"line":268,"column":2},"end":{"line":277,"column":3}},"86":{"start":{"line":269,"column":4},"end":{"line":269,"column":24}},"87":{"start":{"line":270,"column":4},"end":{"line":276,"column":6}},"88":{"start":{"line":279,"column":2},"end":{"line":288,"column":3}},"89":{"start":{"line":280,"column":4},"end":{"line":280,"column":24}},"90":{"start":{"line":281,"column":4},"end":{"line":287,"column":6}},"91":{"start":{"line":290,"column":28},"end":{"line":290,"column":66}},"92":{"start":{"line":292,"column":2},"end":{"line":301,"column":4}},"93":{"start":{"line":303,"column":23},"end":{"line":307,"column":4}},"94":{"start":{"line":309,"column":2},"end":{"line":312,"column":5}},"95":{"start":{"line":346,"column":0},"end":{"line":351,"column":2}}},"fnMap":{"0":{"name":"(anonymous_0)","decl":{"start":{"line":27,"column":26},"end":{"line":27,"column":27}},"loc":{"start":{"line":27,"column":46},"end":{"line":45,"column":1}},"line":27},"1":{"name":"(anonymous_1)","decl":{"start":{"line":59,"column":26},"end":{"line":59,"column":27}},"loc":{"start":{"line":59,"column":52},"end":{"line":101,"column":1}},"line":59},"2":{"name":"(anonymous_2)","decl":{"start":{"line":103,"column":21},"end":{"line":103,"column":22}},"loc":{"start":{"line":103,"column":38},"end":{"line":133,"column":1}},"line":103},"3":{"name":"(anonymous_3)","decl":{"start":{"line":104,"column":21},"end":{"line":104,"column":22}},"loc":{"start":{"line":104,"column":48},"end":{"line":132,"column":3}},"line":104},"4":{"name":"(anonymous_4)","decl":{"start":{"line":137,"column":20},"end":{"line":137,"column":21}},"loc":{"start":{"line":137,"column":46},"end":{"line":191,"column":1}},"line":137},"5":{"name":"(anonymous_5)","decl":{"start":{"line":151,"column":27},"end":{"line":151,"column":28}},"loc":{"start":{"line":151,"column":43},"end":{"line":154,"column":5}},"line":151},"6":{"name":"(anonymous_6)","decl":{"start":{"line":171,"column":64},"end":{"line":171,"column":65}},"loc":{"start":{"line":171,"column":73},"end":{"line":173,"column":3}},"line":171},"7":{"name":"(anonymous_7)","decl":{"start":{"line":193,"column":31},"end":{"line":193,"column":32}},"loc":{"start":{"line":193,"column":57},"end":{"line":313,"column":1}},"line":193}},"branchMap":{"0":{"loc":{"start":{"line":66,"column":25},"end":{"line":68,"column":26}},"type":"cond-expr","locations":[{"start":{"line":67,"column":6},"end":{"line":67,"column":29}},{"start":{"line":68,"column":6},"end":{"line":68,"column":26}}],"line":66},"1":{"loc":{"start":{"line":71,"column":4},"end":{"line":73,"column":5}},"type":"if","locations":[{"start":{"line":71,"column":4},"end":{"line":73,"column":5}},{"start":{"line":71,"column":4},"end":{"line":73,"column":5}}],"line":71},"2":{"loc":{"start":{"line":75,"column":4},"end":{"line":77,"column":5}},"type":"if","locations":[{"start":{"line":75,"column":4},"end":{"line":77,"column":5}},{"start":{"line":75,"column":4},"end":{"line":77,"column":5}}],"line":75},"3":{"loc":{"start":{"line":81,"column":4},"end":{"line":87,"column":5}},"type":"if","locations":[{"start":{"line":81,"column":4},"end":{"line":87,"column":5}},{"start":{"line":81,"column":4},"end":{"line":87,"column":5}}],"line":81},"4":{"loc":{"start":{"line":108,"column":6},"end":{"line":116,"column":7}},"type":"if","locations":[{"start":{"line":108,"column":6},"end":{"line":116,"column":7}},{"start":{"line":108,"column":6},"end":{"line":116,"column":7}}],"line":108},"5":{"loc":{"start":{"line":118,"column":6},"end":{"line":126,"column":7}},"type":"if","locations":[{"start":{"line":118,"column":6},"end":{"line":126,"column":7}},{"start":{"line":118,"column":6},"end":{"line":126,"column":7}}],"line":118},"6":{"loc":{"start":{"line":150,"column":2},"end":{"line":155,"column":3}},"type":"if","locations":[{"start":{"line":150,"column":2},"end":{"line":155,"column":3}},{"start":{"line":150,"column":2},"end":{"line":155,"column":3}}],"line":150},"7":{"loc":{"start":{"line":157,"column":2},"end":{"line":165,"column":3}},"type":"if","locations":[{"start":{"line":157,"column":2},"end":{"line":165,"column":3}},{"start":{"line":157,"column":2},"end":{"line":165,"column":3}}],"line":157},"8":{"loc":{"start":{"line":175,"column":2},"end":{"line":177,"column":3}},"type":"if","locations":[{"start":{"line":175,"column":2},"end":{"line":177,"column":3}},{"start":{"line":175,"column":2},"end":{"line":177,"column":3}}],"line":175},"9":{"loc":{"start":{"line":204,"column":2},"end":{"line":212,"column":3}},"type":"if","locations":[{"start":{"line":204,"column":2},"end":{"line":212,"column":3}},{"start":{"line":204,"column":2},"end":{"line":212,"column":3}}],"line":204},"10":{"loc":{"start":{"line":258,"column":2},"end":{"line":266,"column":3}},"type":"if","locations":[{"start":{"line":258,"column":2},"end":{"line":266,"column":3}},{"start":{"line":258,"column":2},"end":{"line":266,"column":3}}],"line":258},"11":{"loc":{"start":{"line":268,"column":2},"end":{"line":277,"column":3}},"type":"if","locations":[{"start":{"line":268,"column":2},"end":{"line":277,"column":3}},{"start":{"line":268,"column":2},"end":{"line":277,"column":3}}],"line":268},"12":{"loc":{"start":{"line":268,"column":6},"end":{"line":268,"column":51}},"type":"binary-expr","locations":[{"start":{"line":268,"column":6},"end":{"line":268,"column":23}},{"start":{"line":268,"column":27},"end":{"line":268,"column":51}}],"line":268},"13":{"loc":{"start":{"line":279,"column":2},"end":{"line":288,"column":3}},"type":"if","locations":[{"start":{"line":279,"column":2},"end":{"line":288,"column":3}},{"start":{"line":279,"column":2},"end":{"line":288,"column":3}}],"line":279}},"s":{"0":1,"1":1,"2":1,"3":1,"4":1,"5":1,"6":1,"7":1,"8":1,"9":0,"10":0,"11":0,"12":0,"13":0,"14":0,"15":1,"16":1,"17":1,"18":0,"19":0,"20":0,"21":0,"22":0,"23":0,"24":0,"25":0,"26":0,"27":0,"28":0,"29":0,"30":0,"31":0,"32":0,"33":0,"34":0,"35":1,"36":0,"37":0,"38":0,"39":0,"40":0,"41":0,"42":0,"43":0,"44":0,"45":0,"46":0,"47":1,"48":1,"49":0,"50":0,"51":0,"52":0,"53":0,"54":0,"55":0,"56":0,"57":0,"58":0,"59":0,"60":0,"61":0,"62":0,"63":0,"64":0,"65":0,"66":0,"67":0,"68":1,"69":0,"70":0,"71":0,"72":0,"73":0,"74":0,"75":0,"76":0,"77":0,"78":0,"79":0,"80":0,"81":0,"82":0,"83":0,"84":0,"85":0,"86":0,"87":0,"88":0,"89":0,"90":0,"91":0,"92":0,"93":0,"94":0,"95":1},"f":{"0":0,"1":0,"2":0,"3":0,"4":0,"5":0,"6":0,"7":0},"b":{"0":[0,0],"1":[0,0],"2":[0,0],"3":[0,0],"4":[0,0],"5":[0,0],"6":[0,0],"7":[0,0],"8":[0,0],"9":[0,0],"10":[0,0],"11":[0,0],"12":[0,0],"13":[0,0]},"_coverageSchema":"1a1c01bbd47fc00a2c39e90264f33305004495a9","hash":"8788e97b6b658edf6832b23b5f9b885f079e40fc"}
,"/Users/tarasseniv/Documents/haii_backend/src/helpers/buildErrors.js": {"path":"/Users/tarasseniv/Documents/haii_backend/src/helpers/buildErrors.js","statementMap":{"0":{"start":{"line":3,"column":4},"end":{"line":3,"column":25}},"1":{"start":{"line":4,"column":4},"end":{"line":4,"column":23}},"2":{"start":{"line":5,"column":4},"end":{"line":5,"column":27}},"3":{"start":{"line":6,"column":4},"end":{"line":6,"column":30}},"4":{"start":{"line":10,"column":4},"end":{"line":10,"column":20}},"5":{"start":{"line":11,"column":4},"end":{"line":11,"column":16}},"6":{"start":{"line":15,"column":4},"end":{"line":15,"column":19}},"7":{"start":{"line":16,"column":4},"end":{"line":16,"column":16}},"8":{"start":{"line":20,"column":4},"end":{"line":24,"column":5}},"9":{"start":{"line":21,"column":6},"end":{"line":21,"column":26}},"10":{"start":{"line":23,"column":6},"end":{"line":23,"column":23}},"11":{"start":{"line":26,"column":4},"end":{"line":26,"column":16}},"12":{"start":{"line":30,"column":4},"end":{"line":35,"column":6}},"13":{"start":{"line":31,"column":6},"end":{"line":34,"column":7}},"14":{"start":{"line":36,"column":4},"end":{"line":36,"column":16}},"15":{"start":{"line":40,"column":4},"end":{"line":45,"column":6}},"16":{"start":{"line":41,"column":6},"end":{"line":44,"column":7}},"17":{"start":{"line":49,"column":27},"end":{"line":49,"column":30}},"18":{"start":{"line":50,"column":26},"end":{"line":50,"column":33}},"19":{"start":{"line":51,"column":28},"end":{"line":51,"column":50}},"20":{"start":{"line":53,"column":19},"end":{"line":58,"column":5}},"21":{"start":{"line":60,"column":4},"end":{"line":63,"column":6}},"22":{"start":{"line":67,"column":20},"end":{"line":81,"column":1}},"23":{"start":{"line":68,"column":17},"end":{"line":68,"column":27}},"24":{"start":{"line":69,"column":20},"end":{"line":69,"column":22}},"25":{"start":{"line":71,"column":2},"end":{"line":78,"column":5}},"26":{"start":{"line":72,"column":4},"end":{"line":75,"column":5}},"27":{"start":{"line":73,"column":6},"end":{"line":73,"column":44}},"28":{"start":{"line":74,"column":6},"end":{"line":74,"column":13}},"29":{"start":{"line":77,"column":4},"end":{"line":77,"column":40}},"30":{"start":{"line":80,"column":2},"end":{"line":80,"column":19}},"31":{"start":{"line":83,"column":16},"end":{"line":85,"column":1}},"32":{"start":{"line":84,"column":2},"end":{"line":84,"column":44}},"33":{"start":{"line":87,"column":26},"end":{"line":102,"column":1}},"34":{"start":{"line":88,"column":27},"end":{"line":88,"column":30}},"35":{"start":{"line":90,"column":2},"end":{"line":92,"column":3}},"36":{"start":{"line":91,"column":4},"end":{"line":91,"column":80}},"37":{"start":{"line":94,"column":20},"end":{"line":99,"column":4}},"38":{"start":{"line":95,"column":4},"end":{"line":98,"column":6}},"39":{"start":{"line":101,"column":2},"end":{"line":101,"column":67}},"40":{"start":{"line":104,"column":0},"end":{"line":104,"column":71}}},"fnMap":{"0":{"name":"(anonymous_0)","decl":{"start":{"line":2,"column":2},"end":{"line":2,"column":3}},"loc":{"start":{"line":2,"column":46},"end":{"line":7,"column":3}},"line":2},"1":{"name":"(anonymous_1)","decl":{"start":{"line":9,"column":2},"end":{"line":9,"column":3}},"loc":{"start":{"line":9,"column":15},"end":{"line":12,"column":3}},"line":9},"2":{"name":"(anonymous_2)","decl":{"start":{"line":14,"column":2},"end":{"line":14,"column":3}},"loc":{"start":{"line":14,"column":14},"end":{"line":17,"column":3}},"line":14},"3":{"name":"(anonymous_3)","decl":{"start":{"line":19,"column":2},"end":{"line":19,"column":3}},"loc":{"start":{"line":19,"column":16},"end":{"line":27,"column":3}},"line":19},"4":{"name":"(anonymous_4)","decl":{"start":{"line":29,"column":2},"end":{"line":29,"column":3}},"loc":{"start":{"line":29,"column":17},"end":{"line":37,"column":3}},"line":29},"5":{"name":"(anonymous_5)","decl":{"start":{"line":30,"column":24},"end":{"line":30,"column":25}},"loc":{"start":{"line":30,"column":32},"end":{"line":35,"column":5}},"line":30},"6":{"name":"(anonymous_6)","decl":{"start":{"line":39,"column":2},"end":{"line":39,"column":3}},"loc":{"start":{"line":39,"column":23},"end":{"line":46,"column":3}},"line":39},"7":{"name":"(anonymous_7)","decl":{"start":{"line":40,"column":19},"end":{"line":40,"column":20}},"loc":{"start":{"line":40,"column":27},"end":{"line":45,"column":5}},"line":40},"8":{"name":"(anonymous_8)","decl":{"start":{"line":48,"column":2},"end":{"line":48,"column":3}},"loc":{"start":{"line":48,"column":6},"end":{"line":64,"column":3}},"line":48},"9":{"name":"(anonymous_9)","decl":{"start":{"line":67,"column":20},"end":{"line":67,"column":21}},"loc":{"start":{"line":67,"column":29},"end":{"line":81,"column":1}},"line":67},"10":{"name":"(anonymous_10)","decl":{"start":{"line":71,"column":17},"end":{"line":71,"column":18}},"loc":{"start":{"line":71,"column":26},"end":{"line":78,"column":3}},"line":71},"11":{"name":"(anonymous_11)","decl":{"start":{"line":83,"column":16},"end":{"line":83,"column":17}},"loc":{"start":{"line":83,"column":42},"end":{"line":85,"column":1}},"line":83},"12":{"name":"(anonymous_12)","decl":{"start":{"line":87,"column":26},"end":{"line":87,"column":27}},"loc":{"start":{"line":87,"column":41},"end":{"line":102,"column":1}},"line":87},"13":{"name":"(anonymous_13)","decl":{"start":{"line":94,"column":34},"end":{"line":94,"column":35}},"loc":{"start":{"line":94,"column":43},"end":{"line":99,"column":3}},"line":94}},"branchMap":{"0":{"loc":{"start":{"line":6,"column":18},"end":{"line":6,"column":30}},"type":"binary-expr","locations":[{"start":{"line":6,"column":18},"end":{"line":6,"column":24}},{"start":{"line":6,"column":28},"end":{"line":6,"column":30}}],"line":6},"1":{"loc":{"start":{"line":20,"column":4},"end":{"line":24,"column":5}},"type":"if","locations":[{"start":{"line":20,"column":4},"end":{"line":24,"column":5}},{"start":{"line":20,"column":4},"end":{"line":24,"column":5}}],"line":20},"2":{"loc":{"start":{"line":32,"column":15},"end":{"line":32,"column":38}},"type":"binary-expr","locations":[{"start":{"line":32,"column":15},"end":{"line":32,"column":24}},{"start":{"line":32,"column":28},"end":{"line":32,"column":38}}],"line":32},"3":{"loc":{"start":{"line":53,"column":19},"end":{"line":58,"column":5}},"type":"cond-expr","locations":[{"start":{"line":53,"column":40},"end":{"line":53,"column":73}},{"start":{"line":53,"column":76},"end":{"line":58,"column":5}}],"line":53},"4":{"loc":{"start":{"line":55,"column":14},"end":{"line":55,"column":41}},"type":"binary-expr","locations":[{"start":{"line":55,"column":14},"end":{"line":55,"column":24}},{"start":{"line":55,"column":28},"end":{"line":55,"column":41}}],"line":55},"5":{"loc":{"start":{"line":56,"column":17},"end":{"line":56,"column":48}},"type":"binary-expr","locations":[{"start":{"line":56,"column":17},"end":{"line":56,"column":29}},{"start":{"line":56,"column":33},"end":{"line":56,"column":48}}],"line":56},"6":{"loc":{"start":{"line":61,"column":14},"end":{"line":61,"column":43}},"type":"binary-expr","locations":[{"start":{"line":61,"column":14},"end":{"line":61,"column":25}},{"start":{"line":61,"column":29},"end":{"line":61,"column":43}}],"line":61},"7":{"loc":{"start":{"line":72,"column":4},"end":{"line":75,"column":5}},"type":"if","locations":[{"start":{"line":72,"column":4},"end":{"line":75,"column":5}},{"start":{"line":72,"column":4},"end":{"line":75,"column":5}}],"line":72},"8":{"loc":{"start":{"line":90,"column":2},"end":{"line":92,"column":3}},"type":"if","locations":[{"start":{"line":90,"column":2},"end":{"line":92,"column":3}},{"start":{"line":90,"column":2},"end":{"line":92,"column":3}}],"line":90}},"s":{"0":0,"1":0,"2":0,"3":0,"4":0,"5":0,"6":0,"7":0,"8":0,"9":0,"10":0,"11":0,"12":0,"13":0,"14":0,"15":0,"16":0,"17":0,"18":0,"19":0,"20":0,"21":0,"22":2,"23":0,"24":0,"25":0,"26":0,"27":0,"28":0,"29":0,"30":0,"31":2,"32":0,"33":2,"34":0,"35":0,"36":0,"37":0,"38":0,"39":0,"40":2},"f":{"0":0,"1":0,"2":0,"3":0,"4":0,"5":0,"6":0,"7":0,"8":0,"9":0,"10":0,"11":0,"12":0,"13":0},"b":{"0":[0,0],"1":[0,0],"2":[0,0],"3":[0,0],"4":[0,0],"5":[0,0],"6":[0,0],"7":[0,0],"8":[0,0]},"_coverageSchema":"1a1c01bbd47fc00a2c39e90264f33305004495a9","hash":"37d804248984c83d464365b883cebd2210206c3d"}
,"/Users/tarasseniv/Documents/haii_backend/src/helpers/replacePathInError.js": {"path":"/Users/tarasseniv/Documents/haii_backend/src/helpers/replacePathInError.js","statementMap":{"0":{"start":{"line":1,"column":17},"end":{"line":1,"column":37}},"1":{"start":{"line":3,"column":25},"end":{"line":19,"column":1}},"2":{"start":{"line":4,"column":15},"end":{"line":4,"column":25}},"3":{"start":{"line":5,"column":17},"end":{"line":5,"column":31}},"4":{"start":{"line":7,"column":17},"end":{"line":7,"column":30}},"5":{"start":{"line":8,"column":2},"end":{"line":16,"column":5}},"6":{"start":{"line":9,"column":20},"end":{"line":9,"column":28}},"7":{"start":{"line":11,"column":29},"end":{"line":11,"column":72}},"8":{"start":{"line":11,"column":52},"end":{"line":11,"column":71}},"9":{"start":{"line":13,"column":4},"end":{"line":15,"column":5}},"10":{"start":{"line":14,"column":6},"end":{"line":14,"column":36}},"11":{"start":{"line":18,"column":2},"end":{"line":18,"column":15}},"12":{"start":{"line":21,"column":0},"end":{"line":21,"column":33}}},"fnMap":{"0":{"name":"(anonymous_0)","decl":{"start":{"line":3,"column":25},"end":{"line":3,"column":26}},"loc":{"start":{"line":3,"column":47},"end":{"line":19,"column":1}},"line":3},"1":{"name":"(anonymous_1)","decl":{"start":{"line":8,"column":17},"end":{"line":8,"column":18}},"loc":{"start":{"line":8,"column":26},"end":{"line":16,"column":3}},"line":8},"2":{"name":"(anonymous_2)","decl":{"start":{"line":11,"column":44},"end":{"line":11,"column":45}},"loc":{"start":{"line":11,"column":52},"end":{"line":11,"column":71}},"line":11}},"branchMap":{"0":{"loc":{"start":{"line":13,"column":4},"end":{"line":15,"column":5}},"type":"if","locations":[{"start":{"line":13,"column":4},"end":{"line":15,"column":5}},{"start":{"line":13,"column":4},"end":{"line":15,"column":5}}],"line":13}},"s":{"0":1,"1":1,"2":0,"3":0,"4":0,"5":0,"6":0,"7":0,"8":0,"9":0,"10":0,"11":0,"12":1},"f":{"0":0,"1":0,"2":0},"b":{"0":[0,0]},"_coverageSchema":"1a1c01bbd47fc00a2c39e90264f33305004495a9","hash":"ed12d9becb56abf6cbe9053a5903845e71af4943"}
,"/Users/tarasseniv/Documents/haii_backend/src/middlewares/auth.js": {"path":"/Users/tarasseniv/Documents/haii_backend/src/middlewares/auth.js","statementMap":{"0":{"start":{"line":1,"column":24},"end":{"line":1,"column":60}},"1":{"start":{"line":2,"column":33},"end":{"line":2,"column":68}},"2":{"start":{"line":4,"column":0},"end":{"line":17,"column":2}},"3":{"start":{"line":5,"column":15},"end":{"line":5,"column":31}},"4":{"start":{"line":6,"column":15},"end":{"line":6,"column":32}},"5":{"start":{"line":8,"column":2},"end":{"line":12,"column":3}},"6":{"start":{"line":9,"column":16},"end":{"line":9,"column":60}},"7":{"start":{"line":11,"column":4},"end":{"line":11,"column":57}},"8":{"start":{"line":14,"column":2},"end":{"line":14,"column":18}},"9":{"start":{"line":16,"column":2},"end":{"line":16,"column":9}}},"fnMap":{"0":{"name":"(anonymous_0)","decl":{"start":{"line":4,"column":17},"end":{"line":4,"column":18}},"loc":{"start":{"line":4,"column":37},"end":{"line":17,"column":1}},"line":4}},"branchMap":{"0":{"loc":{"start":{"line":8,"column":2},"end":{"line":12,"column":3}},"type":"if","locations":[{"start":{"line":8,"column":2},"end":{"line":12,"column":3}},{"start":{"line":8,"column":2},"end":{"line":12,"column":3}}],"line":8}},"s":{"0":1,"1":1,"2":1,"3":0,"4":0,"5":0,"6":0,"7":0,"8":0,"9":0},"f":{"0":0},"b":{"0":[0,0]},"_coverageSchema":"1a1c01bbd47fc00a2c39e90264f33305004495a9","hash":"507c1edc67ac9105419b69a80473fdb9a7ccbd68"}
,"/Users/tarasseniv/Documents/haii_backend/src/middlewares/requireFullProfile.js": {"path":"/Users/tarasseniv/Documents/haii_backend/src/middlewares/requireFullProfile.js","statementMap":{"0":{"start":{"line":1,"column":33},"end":{"line":1,"column":68}},"1":{"start":{"line":3,"column":0},"end":{"line":13,"column":2}},"2":{"start":{"line":4,"column":25},"end":{"line":4,"column":38}},"3":{"start":{"line":6,"column":2},"end":{"line":10,"column":3}},"4":{"start":{"line":7,"column":16},"end":{"line":7,"column":72}},"5":{"start":{"line":9,"column":4},"end":{"line":9,"column":57}},"6":{"start":{"line":12,"column":2},"end":{"line":12,"column":9}}},"fnMap":{"0":{"name":"(anonymous_0)","decl":{"start":{"line":3,"column":17},"end":{"line":3,"column":18}},"loc":{"start":{"line":3,"column":43},"end":{"line":13,"column":1}},"line":3}},"branchMap":{"0":{"loc":{"start":{"line":6,"column":2},"end":{"line":10,"column":3}},"type":"if","locations":[{"start":{"line":6,"column":2},"end":{"line":10,"column":3}},{"start":{"line":6,"column":2},"end":{"line":10,"column":3}}],"line":6}},"s":{"0":1,"1":1,"2":1,"3":1,"4":0,"5":0,"6":1},"f":{"0":1},"b":{"0":[0,1]},"_coverageSchema":"1a1c01bbd47fc00a2c39e90264f33305004495a9","hash":"050c462f7c1747702d5c3518bc3d2278ccca02f0"}
,"/Users/tarasseniv/Documents/haii_backend/src/middlewares/userNotFound.js": {"path":"/Users/tarasseniv/Documents/haii_backend/src/middlewares/userNotFound.js","statementMap":{"0":{"start":{"line":1,"column":13},"end":{"line":1,"column":42}},"1":{"start":{"line":2,"column":33},"end":{"line":2,"column":68}},"2":{"start":{"line":4,"column":0},"end":{"line":25,"column":2}},"3":{"start":{"line":5,"column":17},"end":{"line":5,"column":25}},"4":{"start":{"line":8,"column":2},"end":{"line":14,"column":3}},"5":{"start":{"line":9,"column":4},"end":{"line":9,"column":49}},"6":{"start":{"line":11,"column":16},"end":{"line":11,"column":60}},"7":{"start":{"line":13,"column":4},"end":{"line":13,"column":57}},"8":{"start":{"line":16,"column":2},"end":{"line":20,"column":3}},"9":{"start":{"line":17,"column":16},"end":{"line":17,"column":60}},"10":{"start":{"line":19,"column":4},"end":{"line":19,"column":57}},"11":{"start":{"line":22,"column":2},"end":{"line":22,"column":32}},"12":{"start":{"line":24,"column":2},"end":{"line":24,"column":9}}},"fnMap":{"0":{"name":"(anonymous_0)","decl":{"start":{"line":4,"column":17},"end":{"line":4,"column":18}},"loc":{"start":{"line":4,"column":43},"end":{"line":25,"column":1}},"line":4}},"branchMap":{"0":{"loc":{"start":{"line":16,"column":2},"end":{"line":20,"column":3}},"type":"if","locations":[{"start":{"line":16,"column":2},"end":{"line":20,"column":3}},{"start":{"line":16,"column":2},"end":{"line":20,"column":3}}],"line":16}},"s":{"0":1,"1":1,"2":1,"3":1,"4":1,"5":1,"6":0,"7":0,"8":1,"9":0,"10":0,"11":1,"12":1},"f":{"0":1},"b":{"0":[0,1]},"_coverageSchema":"1a1c01bbd47fc00a2c39e90264f33305004495a9","hash":"2bc58fe52ba2242e64ae9f8fc3845b64953d45b5"}
,"/Users/tarasseniv/Documents/haii_backend/src/models/category/Category.js": {"path":"/Users/tarasseniv/Documents/haii_backend/src/models/category/Category.js","statementMap":{"0":{"start":{"line":1,"column":18},"end":{"line":1,"column":38}},"1":{"start":{"line":2,"column":18},"end":{"line":2,"column":46}},"2":{"start":{"line":4,"column":14},"end":{"line":4,"column":29}},"3":{"start":{"line":8,"column":0},"end":{"line":18,"column":2}},"4":{"start":{"line":20,"column":0},"end":{"line":20,"column":26}}},"fnMap":{},"branchMap":{},"s":{"0":1,"1":1,"2":1,"3":1,"4":1},"f":{},"b":{},"_coverageSchema":"1a1c01bbd47fc00a2c39e90264f33305004495a9","hash":"c3868c9124199b16fdc913450fb05a6faab8ab06"}
,"/Users/tarasseniv/Documents/haii_backend/src/models/image/Image.js": {"path":"/Users/tarasseniv/Documents/haii_backend/src/models/image/Image.js","statementMap":{"0":{"start":{"line":1,"column":18},"end":{"line":1,"column":38}},"1":{"start":{"line":2,"column":18},"end":{"line":2,"column":46}},"2":{"start":{"line":4,"column":14},"end":{"line":4,"column":29}},"3":{"start":{"line":8,"column":0},"end":{"line":36,"column":2}},"4":{"start":{"line":38,"column":0},"end":{"line":38,"column":23}}},"fnMap":{},"branchMap":{},"s":{"0":1,"1":1,"2":1,"3":1,"4":1},"f":{},"b":{},"_coverageSchema":"1a1c01bbd47fc00a2c39e90264f33305004495a9","hash":"4ac882b6b95e3f65f8fe521dccae22d945f1494a"}
,"/Users/tarasseniv/Documents/haii_backend/src/models/request/Request.js": {"path":"/Users/tarasseniv/Documents/haii_backend/src/models/request/Request.js","statementMap":{"0":{"start":{"line":1,"column":18},"end":{"line":1,"column":38}},"1":{"start":{"line":2,"column":18},"end":{"line":2,"column":46}},"2":{"start":{"line":3,"column":24},"end":{"line":3,"column":56}},"3":{"start":{"line":4,"column":14},"end":{"line":4,"column":29}},"4":{"start":{"line":6,"column":27},"end":{"line":6,"column":28}},"5":{"start":{"line":7,"column":20},"end":{"line":7,"column":21}},"6":{"start":{"line":8,"column":24},"end":{"line":8,"column":25}},"7":{"start":{"line":10,"column":17},"end":{"line":10,"column":67}},"8":{"start":{"line":11,"column":24},"end":{"line":15,"column":1}},"9":{"start":{"line":17,"column":14},"end":{"line":17,"column":66}},"10":{"start":{"line":21,"column":0},"end":{"line":236,"column":2}},"11":{"start":{"line":76,"column":27},"end":{"line":76,"column":33}},"12":{"start":{"line":78,"column":10},"end":{"line":80,"column":11}},"13":{"start":{"line":79,"column":12},"end":{"line":79,"column":55}},"14":{"start":{"line":88,"column":27},"end":{"line":88,"column":33}},"15":{"start":{"line":90,"column":10},"end":{"line":92,"column":11}},"16":{"start":{"line":91,"column":12},"end":{"line":91,"column":57}},"17":{"start":{"line":104,"column":24},"end":{"line":104,"column":31}},"18":{"start":{"line":105,"column":10},"end":{"line":107,"column":11}},"19":{"start":{"line":106,"column":12},"end":{"line":106,"column":75}},"20":{"start":{"line":119,"column":24},"end":{"line":119,"column":40}},"21":{"start":{"line":121,"column":10},"end":{"line":125,"column":11}},"22":{"start":{"line":122,"column":12},"end":{"line":124,"column":14}},"23":{"start":{"line":128,"column":10},"end":{"line":130,"column":11}},"24":{"start":{"line":129,"column":12},"end":{"line":129,"column":77}},"25":{"start":{"line":142,"column":24},"end":{"line":142,"column":40}},"26":{"start":{"line":144,"column":10},"end":{"line":148,"column":11}},"27":{"start":{"line":145,"column":12},"end":{"line":147,"column":14}},"28":{"start":{"line":151,"column":10},"end":{"line":155,"column":11}},"29":{"start":{"line":152,"column":12},"end":{"line":154,"column":14}},"30":{"start":{"line":167,"column":24},"end":{"line":167,"column":47}},"31":{"start":{"line":169,"column":10},"end":{"line":173,"column":11}},"32":{"start":{"line":170,"column":12},"end":{"line":172,"column":14}},"33":{"start":{"line":176,"column":10},"end":{"line":180,"column":11}},"34":{"start":{"line":177,"column":12},"end":{"line":179,"column":14}},"35":{"start":{"line":214,"column":30},"end":{"line":214,"column":34}},"36":{"start":{"line":215,"column":23},"end":{"line":215,"column":31}},"37":{"start":{"line":217,"column":8},"end":{"line":219,"column":9}},"38":{"start":{"line":218,"column":10},"end":{"line":218,"column":71}},"39":{"start":{"line":221,"column":8},"end":{"line":223,"column":9}},"40":{"start":{"line":222,"column":10},"end":{"line":222,"column":17}},"41":{"start":{"line":225,"column":8},"end":{"line":227,"column":9}},"42":{"start":{"line":226,"column":10},"end":{"line":226,"column":49}},"43":{"start":{"line":232,"column":8},"end":{"line":232,"column":67}},"44":{"start":{"line":238,"column":0},"end":{"line":238,"column":25}}},"fnMap":{"0":{"name":"(anonymous_0)","decl":{"start":{"line":75,"column":8},"end":{"line":75,"column":9}},"loc":{"start":{"line":75,"column":25},"end":{"line":81,"column":9}},"line":75},"1":{"name":"(anonymous_1)","decl":{"start":{"line":87,"column":8},"end":{"line":87,"column":9}},"loc":{"start":{"line":87,"column":27},"end":{"line":93,"column":9}},"line":87},"2":{"name":"(anonymous_2)","decl":{"start":{"line":103,"column":8},"end":{"line":103,"column":9}},"loc":{"start":{"line":103,"column":24},"end":{"line":108,"column":9}},"line":103},"3":{"name":"(anonymous_3)","decl":{"start":{"line":118,"column":8},"end":{"line":118,"column":9}},"loc":{"start":{"line":118,"column":24},"end":{"line":126,"column":9}},"line":118},"4":{"name":"(anonymous_4)","decl":{"start":{"line":127,"column":8},"end":{"line":127,"column":9}},"loc":{"start":{"line":127,"column":24},"end":{"line":131,"column":9}},"line":127},"5":{"name":"(anonymous_5)","decl":{"start":{"line":141,"column":8},"end":{"line":141,"column":9}},"loc":{"start":{"line":141,"column":25},"end":{"line":149,"column":9}},"line":141},"6":{"name":"(anonymous_6)","decl":{"start":{"line":150,"column":8},"end":{"line":150,"column":9}},"loc":{"start":{"line":150,"column":24},"end":{"line":156,"column":9}},"line":150},"7":{"name":"(anonymous_7)","decl":{"start":{"line":166,"column":8},"end":{"line":166,"column":9}},"loc":{"start":{"line":166,"column":24},"end":{"line":174,"column":9}},"line":166},"8":{"name":"(anonymous_8)","decl":{"start":{"line":175,"column":8},"end":{"line":175,"column":9}},"loc":{"start":{"line":175,"column":24},"end":{"line":181,"column":9}},"line":175},"9":{"name":"(anonymous_9)","decl":{"start":{"line":213,"column":6},"end":{"line":213,"column":7}},"loc":{"start":{"line":213,"column":37},"end":{"line":228,"column":7}},"line":213},"10":{"name":"(anonymous_10)","decl":{"start":{"line":231,"column":6},"end":{"line":231,"column":7}},"loc":{"start":{"line":231,"column":33},"end":{"line":233,"column":7}},"line":231}},"branchMap":{"0":{"loc":{"start":{"line":78,"column":10},"end":{"line":80,"column":11}},"type":"if","locations":[{"start":{"line":78,"column":10},"end":{"line":80,"column":11}},{"start":{"line":78,"column":10},"end":{"line":80,"column":11}}],"line":78},"1":{"loc":{"start":{"line":90,"column":10},"end":{"line":92,"column":11}},"type":"if","locations":[{"start":{"line":90,"column":10},"end":{"line":92,"column":11}},{"start":{"line":90,"column":10},"end":{"line":92,"column":11}}],"line":90},"2":{"loc":{"start":{"line":104,"column":24},"end":{"line":104,"column":31}},"type":"binary-expr","locations":[{"start":{"line":104,"column":24},"end":{"line":104,"column":25}},{"start":{"line":104,"column":29},"end":{"line":104,"column":31}}],"line":104},"3":{"loc":{"start":{"line":105,"column":10},"end":{"line":107,"column":11}},"type":"if","locations":[{"start":{"line":105,"column":10},"end":{"line":107,"column":11}},{"start":{"line":105,"column":10},"end":{"line":107,"column":11}}],"line":105},"4":{"loc":{"start":{"line":119,"column":25},"end":{"line":119,"column":32}},"type":"binary-expr","locations":[{"start":{"line":119,"column":25},"end":{"line":119,"column":26}},{"start":{"line":119,"column":30},"end":{"line":119,"column":32}}],"line":119},"5":{"loc":{"start":{"line":121,"column":10},"end":{"line":125,"column":11}},"type":"if","locations":[{"start":{"line":121,"column":10},"end":{"line":125,"column":11}},{"start":{"line":121,"column":10},"end":{"line":125,"column":11}}],"line":121},"6":{"loc":{"start":{"line":128,"column":10},"end":{"line":130,"column":11}},"type":"if","locations":[{"start":{"line":128,"column":10},"end":{"line":130,"column":11}},{"start":{"line":128,"column":10},"end":{"line":130,"column":11}}],"line":128},"7":{"loc":{"start":{"line":142,"column":25},"end":{"line":142,"column":32}},"type":"binary-expr","locations":[{"start":{"line":142,"column":25},"end":{"line":142,"column":26}},{"start":{"line":142,"column":30},"end":{"line":142,"column":32}}],"line":142},"8":{"loc":{"start":{"line":144,"column":10},"end":{"line":148,"column":11}},"type":"if","locations":[{"start":{"line":144,"column":10},"end":{"line":148,"column":11}},{"start":{"line":144,"column":10},"end":{"line":148,"column":11}}],"line":144},"9":{"loc":{"start":{"line":151,"column":10},"end":{"line":155,"column":11}},"type":"if","locations":[{"start":{"line":151,"column":10},"end":{"line":155,"column":11}},{"start":{"line":151,"column":10},"end":{"line":155,"column":11}}],"line":151},"10":{"loc":{"start":{"line":167,"column":25},"end":{"line":167,"column":32}},"type":"binary-expr","locations":[{"start":{"line":167,"column":25},"end":{"line":167,"column":26}},{"start":{"line":167,"column":30},"end":{"line":167,"column":32}}],"line":167},"11":{"loc":{"start":{"line":169,"column":10},"end":{"line":173,"column":11}},"type":"if","locations":[{"start":{"line":169,"column":10},"end":{"line":173,"column":11}},{"start":{"line":169,"column":10},"end":{"line":173,"column":11}}],"line":169},"12":{"loc":{"start":{"line":176,"column":10},"end":{"line":180,"column":11}},"type":"if","locations":[{"start":{"line":176,"column":10},"end":{"line":180,"column":11}},{"start":{"line":176,"column":10},"end":{"line":180,"column":11}}],"line":176},"13":{"loc":{"start":{"line":215,"column":23},"end":{"line":215,"column":31}},"type":"binary-expr","locations":[{"start":{"line":215,"column":23},"end":{"line":215,"column":25}},{"start":{"line":215,"column":29},"end":{"line":215,"column":31}}],"line":215},"14":{"loc":{"start":{"line":217,"column":8},"end":{"line":219,"column":9}},"type":"if","locations":[{"start":{"line":217,"column":8},"end":{"line":219,"column":9}},{"start":{"line":217,"column":8},"end":{"line":219,"column":9}}],"line":217},"15":{"loc":{"start":{"line":217,"column":12},"end":{"line":217,"column":34}},"type":"binary-expr","locations":[{"start":{"line":217,"column":12},"end":{"line":217,"column":17}},{"start":{"line":217,"column":21},"end":{"line":217,"column":34}}],"line":217},"16":{"loc":{"start":{"line":221,"column":8},"end":{"line":223,"column":9}},"type":"if","locations":[{"start":{"line":221,"column":8},"end":{"line":223,"column":9}},{"start":{"line":221,"column":8},"end":{"line":223,"column":9}}],"line":221},"17":{"loc":{"start":{"line":225,"column":8},"end":{"line":227,"column":9}},"type":"if","locations":[{"start":{"line":225,"column":8},"end":{"line":227,"column":9}},{"start":{"line":225,"column":8},"end":{"line":227,"column":9}}],"line":225}},"s":{"0":1,"1":1,"2":1,"3":1,"4":1,"5":1,"6":1,"7":1,"8":1,"9":1,"10":1,"11":1,"12":1,"13":0,"14":0,"15":0,"16":0,"17":1,"18":1,"19":0,"20":1,"21":1,"22":0,"23":1,"24":0,"25":1,"26":1,"27":0,"28":1,"29":0,"30":1,"31":1,"32":0,"33":1,"34":0,"35":3,"36":3,"37":3,"38":0,"39":3,"40":0,"41":3,"42":0,"43":2,"44":1},"f":{"0":1,"1":0,"2":1,"3":1,"4":1,"5":1,"6":1,"7":1,"8":1,"9":3,"10":2},"b":{"0":[0,1],"1":[0,0],"2":[1,0],"3":[0,1],"4":[1,0],"5":[0,1],"6":[0,1],"7":[1,0],"8":[0,1],"9":[0,1],"10":[1,0],"11":[0,1],"12":[0,1],"13":[3,0],"14":[0,3],"15":[3,0],"16":[0,3],"17":[0,3]},"_coverageSchema":"1a1c01bbd47fc00a2c39e90264f33305004495a9","hash":"c28176cb18d87a95d1f42c0ff573e480d214cab7"}
,"/Users/tarasseniv/Documents/haii_backend/src/models/user/User.js": {"path":"/Users/tarasseniv/Documents/haii_backend/src/models/user/User.js","statementMap":{"0":{"start":{"line":1,"column":18},"end":{"line":1,"column":38}},"1":{"start":{"line":2,"column":18},"end":{"line":2,"column":46}},"2":{"start":{"line":3,"column":23},"end":{"line":3,"column":55}},"3":{"start":{"line":4,"column":15},"end":{"line":4,"column":32}},"4":{"start":{"line":5,"column":15},"end":{"line":5,"column":32}},"5":{"start":{"line":6,"column":34},"end":{"line":6,"column":70}},"6":{"start":{"line":7,"column":17},"end":{"line":7,"column":57}},"7":{"start":{"line":8,"column":16},"end":{"line":8,"column":54}},"8":{"start":{"line":9,"column":14},"end":{"line":9,"column":48}},"9":{"start":{"line":10,"column":16},"end":{"line":10,"column":51}},"10":{"start":{"line":12,"column":20},"end":{"line":12,"column":22}},"11":{"start":{"line":14,"column":14},"end":{"line":14,"column":29}},"12":{"start":{"line":18,"column":0},"end":{"line":141,"column":2}},"13":{"start":{"line":35,"column":23},"end":{"line":39,"column":12}},"14":{"start":{"line":41,"column":10},"end":{"line":43,"column":11}},"15":{"start":{"line":42,"column":12},"end":{"line":42,"column":53}},"16":{"start":{"line":55,"column":10},"end":{"line":57,"column":11}},"17":{"start":{"line":56,"column":12},"end":{"line":56,"column":78}},"18":{"start":{"line":60,"column":10},"end":{"line":64,"column":11}},"19":{"start":{"line":61,"column":12},"end":{"line":63,"column":14}},"20":{"start":{"line":123,"column":31},"end":{"line":126,"column":9}},"21":{"start":{"line":127,"column":8},"end":{"line":127,"column":43}},"22":{"start":{"line":129,"column":21},"end":{"line":132,"column":24}},"23":{"start":{"line":134,"column":8},"end":{"line":134,"column":40}},"24":{"start":{"line":136,"column":8},"end":{"line":136,"column":69}},"25":{"start":{"line":143,"column":0},"end":{"line":146,"column":3}},"26":{"start":{"line":148,"column":0},"end":{"line":151,"column":3}},"27":{"start":{"line":153,"column":0},"end":{"line":156,"column":3}},"28":{"start":{"line":158,"column":0},"end":{"line":160,"column":3}},"29":{"start":{"line":162,"column":0},"end":{"line":164,"column":3}},"30":{"start":{"line":166,"column":0},"end":{"line":168,"column":3}},"31":{"start":{"line":170,"column":0},"end":{"line":173,"column":3}},"32":{"start":{"line":175,"column":0},"end":{"line":178,"column":3}},"33":{"start":{"line":188,"column":0},"end":{"line":190,"column":3}},"34":{"start":{"line":192,"column":0},"end":{"line":195,"column":3}},"35":{"start":{"line":197,"column":0},"end":{"line":200,"column":3}},"36":{"start":{"line":202,"column":0},"end":{"line":205,"column":3}},"37":{"start":{"line":207,"column":0},"end":{"line":207,"column":22}}},"fnMap":{"0":{"name":"(anonymous_0)","decl":{"start":{"line":34,"column":8},"end":{"line":34,"column":9}},"loc":{"start":{"line":34,"column":31},"end":{"line":44,"column":9}},"line":34},"1":{"name":"(anonymous_1)","decl":{"start":{"line":54,"column":8},"end":{"line":54,"column":9}},"loc":{"start":{"line":54,"column":25},"end":{"line":58,"column":9}},"line":54},"2":{"name":"(anonymous_2)","decl":{"start":{"line":59,"column":8},"end":{"line":59,"column":9}},"loc":{"start":{"line":59,"column":24},"end":{"line":65,"column":9}},"line":59},"3":{"name":"(anonymous_3)","decl":{"start":{"line":122,"column":6},"end":{"line":122,"column":7}},"loc":{"start":{"line":122,"column":35},"end":{"line":137,"column":7}},"line":122}},"branchMap":{"0":{"loc":{"start":{"line":41,"column":10},"end":{"line":43,"column":11}},"type":"if","locations":[{"start":{"line":41,"column":10},"end":{"line":43,"column":11}},{"start":{"line":41,"column":10},"end":{"line":43,"column":11}}],"line":41},"1":{"loc":{"start":{"line":55,"column":10},"end":{"line":57,"column":11}},"type":"if","locations":[{"start":{"line":55,"column":10},"end":{"line":57,"column":11}},{"start":{"line":55,"column":10},"end":{"line":57,"column":11}}],"line":55},"2":{"loc":{"start":{"line":60,"column":10},"end":{"line":64,"column":11}},"type":"if","locations":[{"start":{"line":60,"column":10},"end":{"line":64,"column":11}},{"start":{"line":60,"column":10},"end":{"line":64,"column":11}}],"line":60}},"s":{"0":1,"1":1,"2":1,"3":1,"4":1,"5":1,"6":1,"7":1,"8":1,"9":1,"10":1,"11":1,"12":1,"13":2,"14":2,"15":0,"16":2,"17":0,"18":2,"19":0,"20":2,"21":2,"22":2,"23":2,"24":2,"25":1,"26":1,"27":1,"28":1,"29":1,"30":1,"31":1,"32":1,"33":1,"34":1,"35":1,"36":1,"37":1},"f":{"0":2,"1":2,"2":2,"3":2},"b":{"0":[0,2],"1":[0,2],"2":[0,2]},"_coverageSchema":"1a1c01bbd47fc00a2c39e90264f33305004495a9","hash":"2a25aa014c44d8588229a65b07bb6aacffea197c"}
,"/Users/tarasseniv/Documents/haii_backend/src/models/user/UserBan.js": {"path":"/Users/tarasseniv/Documents/haii_backend/src/models/user/UserBan.js","statementMap":{"0":{"start":{"line":1,"column":18},"end":{"line":1,"column":38}},"1":{"start":{"line":2,"column":18},"end":{"line":2,"column":46}},"2":{"start":{"line":4,"column":14},"end":{"line":4,"column":29}},"3":{"start":{"line":8,"column":0},"end":{"line":51,"column":2}},"4":{"start":{"line":53,"column":0},"end":{"line":53,"column":25}}},"fnMap":{},"branchMap":{},"s":{"0":1,"1":1,"2":1,"3":1,"4":1},"f":{},"b":{},"_coverageSchema":"1a1c01bbd47fc00a2c39e90264f33305004495a9","hash":"fc697d6e5d96cc0b06bdf6e7c65b5b49674c06eb"}
,"/Users/tarasseniv/Documents/haii_backend/src/routes/index.js": {"path":"/Users/tarasseniv/Documents/haii_backend/src/routes/index.js","statementMap":{"0":{"start":{"line":1,"column":12},"end":{"line":1,"column":32}},"1":{"start":{"line":2,"column":19},"end":{"line":2,"column":50}},"2":{"start":{"line":3,"column":22},"end":{"line":3,"column":56}},"3":{"start":{"line":4,"column":22},"end":{"line":4,"column":56}},"4":{"start":{"line":6,"column":16},"end":{"line":6,"column":21}},"5":{"start":{"line":8,"column":0},"end":{"line":8,"column":44}},"6":{"start":{"line":9,"column":0},"end":{"line":9,"column":49}},"7":{"start":{"line":10,"column":0},"end":{"line":10,"column":50}},"8":{"start":{"line":12,"column":0},"end":{"line":12,"column":21}}},"fnMap":{},"branchMap":{},"s":{"0":1,"1":1,"2":1,"3":1,"4":1,"5":1,"6":1,"7":1,"8":1},"f":{},"b":{},"_coverageSchema":"1a1c01bbd47fc00a2c39e90264f33305004495a9","hash":"977959e18a47e3708a785a6da6bff55dd7275165"}
,"/Users/tarasseniv/Documents/haii_backend/src/routes/v1.0/GeneralRouter.js": {"path":"/Users/tarasseniv/Documents/haii_backend/src/routes/v1.0/GeneralRouter.js","statementMap":{"0":{"start":{"line":1,"column":16},"end":{"line":1,"column":34}},"1":{"start":{"line":2,"column":26},"end":{"line":2,"column":73}},"2":{"start":{"line":4,"column":15},"end":{"line":4,"column":31}},"3":{"start":{"line":6,"column":0},"end":{"line":6,"column":41}},"4":{"start":{"line":8,"column":0},"end":{"line":8,"column":24}}},"fnMap":{},"branchMap":{},"s":{"0":1,"1":1,"2":1,"3":1,"4":1},"f":{},"b":{},"_coverageSchema":"1a1c01bbd47fc00a2c39e90264f33305004495a9","hash":"75e2920c941950f76f164f63d0e010f0ed6796ad"}
,"/Users/tarasseniv/Documents/haii_backend/src/routes/v1.0/RequestRouter.js": {"path":"/Users/tarasseniv/Documents/haii_backend/src/routes/v1.0/RequestRouter.js","statementMap":{"0":{"start":{"line":1,"column":16},"end":{"line":1,"column":34}},"1":{"start":{"line":2,"column":18},"end":{"line":2,"column":50}},"2":{"start":{"line":3,"column":21},"end":{"line":3,"column":61}},"3":{"start":{"line":4,"column":27},"end":{"line":4,"column":73}},"4":{"start":{"line":6,"column":26},"end":{"line":6,"column":69}},"5":{"start":{"line":7,"column":37},"end":{"line":7,"column":96}},"6":{"start":{"line":12,"column":4},"end":{"line":12,"column":52}},"7":{"start":{"line":14,"column":15},"end":{"line":14,"column":31}},"8":{"start":{"line":16,"column":0},"end":{"line":16,"column":84}},"9":{"start":{"line":17,"column":0},"end":{"line":17,"column":77}},"10":{"start":{"line":18,"column":0},"end":{"line":18,"column":90}},"11":{"start":{"line":19,"column":0},"end":{"line":19,"column":96}},"12":{"start":{"line":20,"column":0},"end":{"line":20,"column":79}},"13":{"start":{"line":22,"column":0},"end":{"line":22,"column":24}}},"fnMap":{},"branchMap":{},"s":{"0":1,"1":1,"2":1,"3":1,"4":1,"5":1,"6":1,"7":1,"8":1,"9":1,"10":1,"11":1,"12":1,"13":1},"f":{},"b":{},"_coverageSchema":"1a1c01bbd47fc00a2c39e90264f33305004495a9","hash":"8a85de3eba133f0c5d2306da0d4105816e903bfe"}
,"/Users/tarasseniv/Documents/haii_backend/src/routes/v1.0/UserRouter.js": {"path":"/Users/tarasseniv/Documents/haii_backend/src/routes/v1.0/UserRouter.js","statementMap":{"0":{"start":{"line":1,"column":16},"end":{"line":1,"column":34}},"1":{"start":{"line":2,"column":27},"end":{"line":2,"column":64}},"2":{"start":{"line":3,"column":29},"end":{"line":3,"column":73}},"3":{"start":{"line":4,"column":18},"end":{"line":4,"column":55}},"4":{"start":{"line":5,"column":18},"end":{"line":5,"column":50}},"5":{"start":{"line":6,"column":21},"end":{"line":6,"column":61}},"6":{"start":{"line":7,"column":27},"end":{"line":7,"column":73}},"7":{"start":{"line":13,"column":4},"end":{"line":13,"column":48}},"8":{"start":{"line":15,"column":15},"end":{"line":15,"column":31}},"9":{"start":{"line":17,"column":0},"end":{"line":17,"column":32}},"10":{"start":{"line":18,"column":0},"end":{"line":18,"column":51}},"11":{"start":{"line":19,"column":0},"end":{"line":19,"column":51}},"12":{"start":{"line":20,"column":0},"end":{"line":20,"column":43}},"13":{"start":{"line":21,"column":0},"end":{"line":21,"column":29}},"14":{"start":{"line":22,"column":0},"end":{"line":22,"column":64}},"15":{"start":{"line":23,"column":0},"end":{"line":23,"column":84}},"16":{"start":{"line":24,"column":0},"end":{"line":24,"column":88}},"17":{"start":{"line":25,"column":0},"end":{"line":25,"column":104}},"18":{"start":{"line":27,"column":0},"end":{"line":27,"column":24}}},"fnMap":{},"branchMap":{},"s":{"0":1,"1":1,"2":1,"3":1,"4":1,"5":1,"6":1,"7":1,"8":1,"9":1,"10":1,"11":1,"12":1,"13":1,"14":1,"15":1,"16":1,"17":1,"18":1},"f":{},"b":{},"_coverageSchema":"1a1c01bbd47fc00a2c39e90264f33305004495a9","hash":"8b2603df294a2dbb570550024fc5e2befa3aa4a6"}
,"/Users/tarasseniv/Documents/haii_backend/src/services/AuthService.js": {"path":"/Users/tarasseniv/Documents/haii_backend/src/services/AuthService.js","statementMap":{"0":{"start":{"line":1,"column":12},"end":{"line":1,"column":35}},"1":{"start":{"line":2,"column":23},"end":{"line":2,"column":52}},"2":{"start":{"line":4,"column":17},"end":{"line":10,"column":1}},"3":{"start":{"line":5,"column":20},"end":{"line":5,"column":46}},"4":{"start":{"line":7,"column":2},"end":{"line":9,"column":5}},"5":{"start":{"line":12,"column":20},"end":{"line":20,"column":1}},"6":{"start":{"line":13,"column":2},"end":{"line":19,"column":3}},"7":{"start":{"line":14,"column":17},"end":{"line":14,"column":46}},"8":{"start":{"line":16,"column":4},"end":{"line":16,"column":15}},"9":{"start":{"line":18,"column":4},"end":{"line":18,"column":16}},"10":{"start":{"line":22,"column":0},"end":{"line":22,"column":43}}},"fnMap":{"0":{"name":"(anonymous_0)","decl":{"start":{"line":4,"column":17},"end":{"line":4,"column":18}},"loc":{"start":{"line":4,"column":32},"end":{"line":10,"column":1}},"line":4},"1":{"name":"(anonymous_1)","decl":{"start":{"line":12,"column":20},"end":{"line":12,"column":21}},"loc":{"start":{"line":12,"column":31},"end":{"line":20,"column":1}},"line":12}},"branchMap":{},"s":{"0":2,"1":2,"2":2,"3":0,"4":0,"5":2,"6":0,"7":0,"8":0,"9":0,"10":2},"f":{"0":0,"1":0},"b":{},"_coverageSchema":"1a1c01bbd47fc00a2c39e90264f33305004495a9","hash":"c1c1ac29fa685bfe781f0a22976a8e7da9d9ac0d"}
,"/Users/tarasseniv/Documents/haii_backend/src/services/Aws.js": {"path":"/Users/tarasseniv/Documents/haii_backend/src/services/Aws.js","statementMap":{"0":{"start":{"line":1,"column":12},"end":{"line":1,"column":30}},"1":{"start":{"line":2,"column":23},"end":{"line":2,"column":38}},"2":{"start":{"line":3,"column":70},"end":{"line":3,"column":102}},"3":{"start":{"line":5,"column":18},"end":{"line":8,"column":1}},"4":{"start":{"line":10,"column":0},"end":{"line":14,"column":3}},"5":{"start":{"line":17,"column":11},"end":{"line":17,"column":23}},"6":{"start":{"line":19,"column":20},"end":{"line":19,"column":29}},"7":{"start":{"line":20,"column":16},"end":{"line":20,"column":20}},"8":{"start":{"line":22,"column":18},"end":{"line":22,"column":66}},"9":{"start":{"line":24,"column":28},"end":{"line":38,"column":1}},"10":{"start":{"line":27,"column":2},"end":{"line":35,"column":3}},"11":{"start":{"line":28,"column":4},"end":{"line":28,"column":42}},"12":{"start":{"line":29,"column":9},"end":{"line":35,"column":3}},"13":{"start":{"line":30,"column":4},"end":{"line":30,"column":42}},"14":{"start":{"line":31,"column":9},"end":{"line":35,"column":3}},"15":{"start":{"line":32,"column":4},"end":{"line":32,"column":47}},"16":{"start":{"line":34,"column":4},"end":{"line":34,"column":40}},"17":{"start":{"line":37,"column":2},"end":{"line":37,"column":40}},"18":{"start":{"line":40,"column":16},"end":{"line":42,"column":1}},"19":{"start":{"line":41,"column":2},"end":{"line":41,"column":17}},"20":{"start":{"line":44,"column":24},"end":{"line":62,"column":1}},"21":{"start":{"line":45,"column":17},"end":{"line":50,"column":3}},"22":{"start":{"line":52,"column":2},"end":{"line":61,"column":5}},"23":{"start":{"line":53,"column":4},"end":{"line":60,"column":7}},"24":{"start":{"line":54,"column":6},"end":{"line":57,"column":7}},"25":{"start":{"line":55,"column":8},"end":{"line":55,"column":17}},"26":{"start":{"line":56,"column":8},"end":{"line":56,"column":15}},"27":{"start":{"line":59,"column":6},"end":{"line":59,"column":15}},"28":{"start":{"line":64,"column":24},"end":{"line":66,"column":1}},"29":{"start":{"line":65,"column":2},"end":{"line":65,"column":43}},"30":{"start":{"line":68,"column":21},"end":{"line":86,"column":1}},"31":{"start":{"line":69,"column":17},"end":{"line":72,"column":3}},"32":{"start":{"line":74,"column":2},"end":{"line":85,"column":5}},"33":{"start":{"line":75,"column":4},"end":{"line":84,"column":7}},"34":{"start":{"line":76,"column":6},"end":{"line":81,"column":7}},"35":{"start":{"line":77,"column":8},"end":{"line":77,"column":25}},"36":{"start":{"line":78,"column":8},"end":{"line":78,"column":24}},"37":{"start":{"line":79,"column":8},"end":{"line":79,"column":17}},"38":{"start":{"line":80,"column":8},"end":{"line":80,"column":15}},"39":{"start":{"line":83,"column":6},"end":{"line":83,"column":20}},"40":{"start":{"line":88,"column":0},"end":{"line":95,"column":2}}},"fnMap":{"0":{"name":"(anonymous_0)","decl":{"start":{"line":24,"column":28},"end":{"line":24,"column":29}},"loc":{"start":{"line":24,"column":54},"end":{"line":38,"column":1}},"line":24},"1":{"name":"(anonymous_1)","decl":{"start":{"line":40,"column":16},"end":{"line":40,"column":17}},"loc":{"start":{"line":40,"column":22},"end":{"line":42,"column":1}},"line":40},"2":{"name":"(anonymous_2)","decl":{"start":{"line":44,"column":24},"end":{"line":44,"column":25}},"loc":{"start":{"line":44,"column":42},"end":{"line":62,"column":1}},"line":44},"3":{"name":"(anonymous_3)","decl":{"start":{"line":52,"column":21},"end":{"line":52,"column":22}},"loc":{"start":{"line":52,"column":35},"end":{"line":61,"column":3}},"line":52},"4":{"name":"(anonymous_4)","decl":{"start":{"line":53,"column":41},"end":{"line":53,"column":42}},"loc":{"start":{"line":53,"column":61},"end":{"line":60,"column":5}},"line":53},"5":{"name":"(anonymous_5)","decl":{"start":{"line":64,"column":24},"end":{"line":64,"column":25}},"loc":{"start":{"line":64,"column":46},"end":{"line":66,"column":1}},"line":64},"6":{"name":"(anonymous_6)","decl":{"start":{"line":68,"column":21},"end":{"line":68,"column":22}},"loc":{"start":{"line":68,"column":39},"end":{"line":86,"column":1}},"line":68},"7":{"name":"(anonymous_7)","decl":{"start":{"line":74,"column":21},"end":{"line":74,"column":22}},"loc":{"start":{"line":74,"column":35},"end":{"line":85,"column":3}},"line":74},"8":{"name":"(anonymous_8)","decl":{"start":{"line":75,"column":28},"end":{"line":75,"column":29}},"loc":{"start":{"line":75,"column":53},"end":{"line":84,"column":5}},"line":75}},"branchMap":{"0":{"loc":{"start":{"line":27,"column":2},"end":{"line":35,"column":3}},"type":"if","locations":[{"start":{"line":27,"column":2},"end":{"line":35,"column":3}},{"start":{"line":27,"column":2},"end":{"line":35,"column":3}}],"line":27},"1":{"loc":{"start":{"line":29,"column":9},"end":{"line":35,"column":3}},"type":"if","locations":[{"start":{"line":29,"column":9},"end":{"line":35,"column":3}},{"start":{"line":29,"column":9},"end":{"line":35,"column":3}}],"line":29},"2":{"loc":{"start":{"line":31,"column":9},"end":{"line":35,"column":3}},"type":"if","locations":[{"start":{"line":31,"column":9},"end":{"line":35,"column":3}},{"start":{"line":31,"column":9},"end":{"line":35,"column":3}}],"line":31},"3":{"loc":{"start":{"line":54,"column":6},"end":{"line":57,"column":7}},"type":"if","locations":[{"start":{"line":54,"column":6},"end":{"line":57,"column":7}},{"start":{"line":54,"column":6},"end":{"line":57,"column":7}}],"line":54},"4":{"loc":{"start":{"line":76,"column":6},"end":{"line":81,"column":7}},"type":"if","locations":[{"start":{"line":76,"column":6},"end":{"line":81,"column":7}},{"start":{"line":76,"column":6},"end":{"line":81,"column":7}}],"line":76}},"s":{"0":1,"1":1,"2":1,"3":1,"4":1,"5":1,"6":1,"7":1,"8":1,"9":1,"10":0,"11":0,"12":0,"13":0,"14":0,"15":0,"16":0,"17":0,"18":1,"19":0,"20":1,"21":0,"22":0,"23":0,"24":0,"25":0,"26":0,"27":0,"28":1,"29":0,"30":1,"31":0,"32":0,"33":0,"34":0,"35":0,"36":0,"37":0,"38":0,"39":0,"40":1},"f":{"0":0,"1":0,"2":0,"3":0,"4":0,"5":0,"6":0,"7":0,"8":0},"b":{"0":[0,0],"1":[0,0],"2":[0,0],"3":[0,0],"4":[0,0]},"_coverageSchema":"1a1c01bbd47fc00a2c39e90264f33305004495a9","hash":"c0ec5aacb72a567fbb09ecfcc23e32490a93a681"}
,"/Users/tarasseniv/Documents/haii_backend/src/services/MailService.js": {"path":"/Users/tarasseniv/Documents/haii_backend/src/services/MailService.js","statementMap":{"0":{"start":{"line":1,"column":19},"end":{"line":1,"column":40}},"1":{"start":{"line":2,"column":23},"end":{"line":2,"column":49}},"2":{"start":{"line":3,"column":15},"end":{"line":3,"column":32}},"3":{"start":{"line":4,"column":18},"end":{"line":4,"column":35}},"4":{"start":{"line":6,"column":28},"end":{"line":14,"column":1}},"5":{"start":{"line":16,"column":23},"end":{"line":22,"column":1}},"6":{"start":{"line":17,"column":2},"end":{"line":19,"column":3}},"7":{"start":{"line":18,"column":4},"end":{"line":18,"column":39}},"8":{"start":{"line":21,"column":2},"end":{"line":21,"column":28}},"9":{"start":{"line":24,"column":20},"end":{"line":24,"column":64}},"10":{"start":{"line":26,"column":13},"end":{"line":26,"column":44}},"11":{"start":{"line":27,"column":14},"end":{"line":27,"column":34}},"12":{"start":{"line":29,"column":30},"end":{"line":40,"column":1}},"13":{"start":{"line":30,"column":2},"end":{"line":32,"column":3}},"14":{"start":{"line":31,"column":4},"end":{"line":31,"column":28}},"15":{"start":{"line":34,"column":2},"end":{"line":39,"column":4}},"16":{"start":{"line":42,"column":0},"end":{"line":44,"column":1}}},"fnMap":{"0":{"name":"(anonymous_0)","decl":{"start":{"line":16,"column":23},"end":{"line":16,"column":24}},"loc":{"start":{"line":16,"column":29},"end":{"line":22,"column":1}},"line":16},"1":{"name":"(anonymous_1)","decl":{"start":{"line":29,"column":30},"end":{"line":29,"column":31}},"loc":{"start":{"line":29,"column":101},"end":{"line":40,"column":1}},"line":29}},"branchMap":{"0":{"loc":{"start":{"line":17,"column":2},"end":{"line":19,"column":3}},"type":"if","locations":[{"start":{"line":17,"column":2},"end":{"line":19,"column":3}},{"start":{"line":17,"column":2},"end":{"line":19,"column":3}}],"line":17},"1":{"loc":{"start":{"line":29,"column":52},"end":{"line":29,"column":96}},"type":"default-arg","locations":[{"start":{"line":29,"column":58},"end":{"line":29,"column":96}}],"line":29},"2":{"loc":{"start":{"line":30,"column":2},"end":{"line":32,"column":3}},"type":"if","locations":[{"start":{"line":30,"column":2},"end":{"line":32,"column":3}},{"start":{"line":30,"column":2},"end":{"line":32,"column":3}}],"line":30}},"s":{"0":1,"1":1,"2":1,"3":1,"4":1,"5":1,"6":1,"7":1,"8":0,"9":1,"10":1,"11":1,"12":1,"13":2,"14":0,"15":2,"16":1},"f":{"0":1,"1":2},"b":{"0":[1,0],"1":[2],"2":[0,2]},"_coverageSchema":"1a1c01bbd47fc00a2c39e90264f33305004495a9","hash":"8b830c619f081c66a9d8e2a282d1cb06a40097d6"}
,"/Users/tarasseniv/Documents/haii_backend/src/services/OptimizeImageService.js": {"path":"/Users/tarasseniv/Documents/haii_backend/src/services/OptimizeImageService.js","statementMap":{"0":{"start":{"line":1,"column":16},"end":{"line":1,"column":34}},"1":{"start":{"line":3,"column":33},"end":{"line":3,"column":111}},"2":{"start":{"line":5,"column":17},"end":{"line":18,"column":1}},"3":{"start":{"line":6,"column":14},"end":{"line":6,"column":50}},"4":{"start":{"line":8,"column":2},"end":{"line":17,"column":4}},"5":{"start":{"line":9,"column":4},"end":{"line":16,"column":6}},"6":{"start":{"line":10,"column":6},"end":{"line":13,"column":7}},"7":{"start":{"line":11,"column":8},"end":{"line":11,"column":16}},"8":{"start":{"line":12,"column":8},"end":{"line":12,"column":14}},"9":{"start":{"line":15,"column":6},"end":{"line":15,"column":35}},"10":{"start":{"line":20,"column":0},"end":{"line":20,"column":25}}},"fnMap":{"0":{"name":"(anonymous_0)","decl":{"start":{"line":5,"column":17},"end":{"line":5,"column":18}},"loc":{"start":{"line":5,"column":43},"end":{"line":18,"column":1}},"line":5},"1":{"name":"(anonymous_1)","decl":{"start":{"line":8,"column":21},"end":{"line":8,"column":22}},"loc":{"start":{"line":8,"column":39},"end":{"line":17,"column":3}},"line":8},"2":{"name":"(anonymous_2)","decl":{"start":{"line":9,"column":49},"end":{"line":9,"column":50}},"loc":{"start":{"line":9,"column":69},"end":{"line":16,"column":5}},"line":9}},"branchMap":{"0":{"loc":{"start":{"line":10,"column":6},"end":{"line":13,"column":7}},"type":"if","locations":[{"start":{"line":10,"column":6},"end":{"line":13,"column":7}},{"start":{"line":10,"column":6},"end":{"line":13,"column":7}}],"line":10}},"s":{"0":1,"1":1,"2":1,"3":0,"4":0,"5":0,"6":0,"7":0,"8":0,"9":0,"10":1},"f":{"0":0,"1":0,"2":0},"b":{"0":[0,0]},"_coverageSchema":"1a1c01bbd47fc00a2c39e90264f33305004495a9","hash":"6fb969f50568cb48dd219c56ec25af33183efe24"}
,"/Users/tarasseniv/Documents/haii_backend/src/validators/user/StepOne.js": {"path":"/Users/tarasseniv/Documents/haii_backend/src/validators/user/StepOne.js","statementMap":{"0":{"start":{"line":1,"column":12},"end":{"line":1,"column":26}},"1":{"start":{"line":11,"column":28},"end":{"line":20,"column":2}},"2":{"start":{"line":22,"column":31},"end":{"line":56,"column":2}},"3":{"start":{"line":58,"column":0},"end":{"line":58,"column":65}}},"fnMap":{},"branchMap":{},"s":{"0":1,"1":1,"2":1,"3":1},"f":{},"b":{},"_coverageSchema":"1a1c01bbd47fc00a2c39e90264f33305004495a9","hash":"0d400bb280423f7cb8535b5362a9a17bb2f3924d"}
}
