TN:
SF:src/app.js
FN:20,(anonymous_0)
FN:25,(anonymous_1)
FNF:2
FNH:0
FNDA:0,(anonymous_0)
FNDA:0,(anonymous_1)
DA:1,1
DA:2,1
DA:3,1
DA:4,1
DA:5,1
DA:6,1
DA:7,1
DA:8,1
DA:10,1
DA:11,1
DA:13,1
DA:14,1
DA:15,1
DA:16,1
DA:17,1
DA:20,1
DA:21,0
DA:25,1
DA:26,0
DA:27,0
DA:30,0
DA:31,0
DA:36,0
DA:38,0
DA:43,1
LF:25
LH:18
BRDA:26,0,0,0
BRDA:26,0,1,0
BRDA:30,1,0,0
BRDA:30,1,1,0
BRDA:31,2,0,0
BRDA:31,2,1,0
BRDA:36,3,0,0
BRDA:36,3,1,0
BRF:8
BRH:0
end_of_record
TN:
SF:src/config/constants.js
FNF:0
FNH:0
DA:1,2
DA:2,2
DA:8,2
DA:9,2
DA:11,2
DA:16,2
DA:17,2
DA:18,2
DA:20,2
DA:21,2
DA:22,2
DA:24,2
DA:30,2
LF:13
LH:13
BRF:0
BRH:0
end_of_record
TN:
SF:src/config/database.js
FNF:0
FNH:0
DA:1,1
DA:2,1
DA:4,1
DA:6,1
DA:12,1
LF:5
LH:5
BRF:0
BRH:0
end_of_record
TN:
SF:src/controllers/category/Categories.js
FN:3,(anonymous_0)
FNF:1
FNH:0
FNDA:0,(anonymous_0)
DA:1,1
DA:3,1
DA:4,0
DA:6,0
DA:11,1
LF:5
LH:3
BRF:0
BRH:0
end_of_record
TN:
SF:src/controllers/request/CelebrityRequestHandler.js
FN:5,(anonymous_0)
FN:43,(anonymous_1)
FNF:2
FNH:1
FNDA:0,(anonymous_0)
FNDA:1,(anonymous_1)
DA:1,1
DA:2,1
DA:3,1
DA:5,1
DA:6,0
DA:7,0
DA:9,0
DA:15,0
DA:16,0
DA:25,0
DA:27,0
DA:28,0
DA:37,0
DA:43,1
DA:44,1
DA:49,1
LF:16
LH:7
BRDA:15,0,0,0
BRDA:15,0,1,0
BRDA:27,1,0,0
BRDA:27,1,1,0
BRF:4
BRH:0
end_of_record
TN:
SF:src/controllers/request/Request.js
FN:10,(anonymous_0)
FN:112,(anonymous_1)
FNF:2
FNH:0
FNDA:0,(anonymous_0)
FNDA:0,(anonymous_1)
DA:1,1
DA:2,1
DA:3,1
DA:4,1
DA:5,1
DA:6,1
DA:7,1
DA:8,1
DA:10,1
DA:11,0
DA:21,0
DA:23,0
DA:24,0
DA:33,0
DA:34,0
DA:43,0
DA:45,0
DA:46,0
DA:55,0
DA:57,0
DA:58,0
DA:67,0
DA:68,0
DA:77,0
DA:78,0
DA:80,0
DA:82,0
DA:83,0
DA:92,0
DA:96,0
DA:112,0
DA:113,0
DA:117,0
DA:120,0
DA:121,0
DA:124,0
DA:130,1
LF:37
LH:10
BRDA:20,0,0,0
BRDA:23,1,0,0
BRDA:23,1,1,0
BRDA:33,2,0,0
BRDA:33,2,1,0
BRDA:45,3,0,0
BRDA:45,3,1,0
BRDA:57,4,0,0
BRDA:57,4,1,0
BRDA:67,5,0,0
BRDA:67,5,1,0
BRDA:82,6,0,0
BRDA:82,6,1,0
BRDA:82,7,0,0
BRDA:82,7,1,0
BRDA:92,8,0,0
BRDA:92,8,1,0
BRDA:120,9,0,0
BRDA:120,9,1,0
BRF:19
BRH:0
end_of_record
TN:
SF:src/controllers/request/RequestsList.js
FN:16,(anonymous_0)
FN:36,(anonymous_1)
FNF:2
FNH:0
FNDA:0,(anonymous_0)
FNDA:0,(anonymous_1)
DA:1,1
DA:2,1
DA:4,1
DA:16,1
DA:17,0
DA:19,0
DA:31,0
DA:36,1
DA:37,0
DA:39,0
DA:51,0
DA:56,1
LF:12
LH:6
BRF:0
BRH:0
end_of_record
TN:
SF:src/controllers/user/Auth.js
FN:6,(anonymous_0)
FNF:1
FNH:0
FNDA:0,(anonymous_0)
DA:1,1
DA:2,1
DA:3,1
DA:4,1
DA:6,1
DA:7,0
DA:8,0
DA:10,0
DA:16,0
DA:17,0
DA:26,0
DA:28,0
DA:29,0
DA:38,0
DA:39,0
DA:48,0
DA:50,0
DA:52,0
DA:53,0
DA:55,0
DA:61,1
LF:21
LH:6
BRDA:8,0,0,0
BRDA:8,0,1,0
BRDA:16,1,0,0
BRDA:16,1,1,0
BRDA:28,2,0,0
BRDA:28,2,1,0
BRDA:38,3,0,0
BRDA:38,3,1,0
BRF:8
BRH:0
end_of_record
TN:
SF:src/controllers/user/SignUpSteps.js
FN:11,(anonymous_0)
FN:91,(anonymous_1)
FNF:2
FNH:0
FNDA:0,(anonymous_0)
FNDA:0,(anonymous_1)
DA:1,1
DA:2,1
DA:4,1
DA:5,1
DA:9,1
DA:11,1
DA:12,0
DA:14,0
DA:20,0
DA:21,0
DA:30,0
DA:31,0
DA:40,0
DA:41,0
DA:50,0
DA:52,0
DA:53,0
DA:54,0
DA:56,0
DA:59,0
DA:70,0
DA:72,0
DA:73,0
DA:74,0
DA:76,0
DA:77,0
DA:78,0
DA:79,0
DA:80,0
DA:81,0
DA:84,0
DA:86,0
DA:91,1
DA:92,0
DA:93,0
DA:95,0
DA:101,0
DA:102,0
DA:111,0
DA:112,0
DA:121,0
DA:122,0
DA:131,0
DA:132,0
DA:134,0
DA:143,0
DA:145,0
DA:147,0
DA:152,1
LF:49
LH:8
BRDA:20,0,0,0
BRDA:20,0,1,0
BRDA:30,1,0,0
BRDA:30,1,1,0
BRDA:40,2,0,0
BRDA:40,2,1,0
BRDA:53,3,0,0
BRDA:53,3,1,0
BRDA:65,4,0,0
BRDA:67,5,0,0
BRDA:76,6,0,0
BRDA:76,6,1,0
BRDA:93,7,0,0
BRDA:101,8,0,0
BRDA:101,8,1,0
BRDA:111,9,0,0
BRDA:111,9,1,0
BRDA:121,10,0,0
BRDA:121,10,1,0
BRF:19
BRH:0
end_of_record
TN:
SF:src/controllers/user/User.js
FN:6,(anonymous_0)
FN:14,(anonymous_1)
FN:38,(anonymous_2)
FNF:3
FNH:0
FNDA:0,(anonymous_0)
FNDA:0,(anonymous_1)
FNDA:0,(anonymous_2)
DA:1,1
DA:2,1
DA:3,1
DA:4,1
DA:6,1
DA:7,0
DA:8,0
DA:10,0
DA:15,0
DA:20,0
DA:21,0
DA:24,0
DA:26,0
DA:28,0
DA:29,0
DA:32,0
DA:38,1
DA:39,0
DA:41,0
DA:47,0
DA:48,0
DA:57,0
DA:58,0
DA:67,0
DA:68,0
DA:69,0
DA:71,0
DA:73,0
DA:75,0
DA:80,1
LF:30
LH:7
BRDA:7,0,0,0
BRDA:8,1,0,0
BRDA:8,1,1,0
BRDA:20,2,0,0
BRDA:20,2,1,0
BRDA:28,3,0,0
BRDA:28,3,1,0
BRDA:47,4,0,0
BRDA:47,4,1,0
BRDA:57,5,0,0
BRDA:57,5,1,0
BRF:11
BRH:0
end_of_record
TN:
SF:src/controllers/user/UserDetails.js
FN:27,(anonymous_0)
FN:59,(anonymous_1)
FN:103,(anonymous_2)
FN:104,(anonymous_3)
FN:137,(anonymous_4)
FN:151,(anonymous_5)
FN:171,(anonymous_6)
FN:193,(anonymous_7)
FNF:8
FNH:0
FNDA:0,(anonymous_0)
FNDA:0,(anonymous_1)
FNDA:0,(anonymous_2)
FNDA:0,(anonymous_3)
FNDA:0,(anonymous_4)
FNDA:0,(anonymous_5)
FNDA:0,(anonymous_6)
FNDA:0,(anonymous_7)
DA:1,1
DA:2,1
DA:3,1
DA:7,1
DA:8,1
DA:16,1
DA:23,1
DA:25,1
DA:27,1
DA:28,0
DA:30,0
DA:37,0
DA:39,0
DA:40,0
DA:42,0
DA:47,1
DA:57,1
DA:59,1
DA:60,0
DA:61,0
DA:62,0
DA:64,0
DA:66,0
DA:70,0
DA:71,0
DA:72,0
DA:75,0
DA:76,0
DA:80,0
DA:81,0
DA:82,0
DA:86,0
DA:89,0
DA:92,0
DA:98,0
DA:103,1
DA:104,0
DA:105,0
DA:106,0
DA:108,0
DA:109,0
DA:115,0
DA:118,0
DA:119,0
DA:125,0
DA:128,0
DA:130,0
DA:135,1
DA:137,1
DA:138,0
DA:139,0
DA:140,0
DA:141,0
DA:143,0
DA:150,0
DA:151,0
DA:152,0
DA:153,0
DA:157,0
DA:158,0
DA:167,0
DA:169,0
DA:171,0
DA:172,0
DA:175,0
DA:176,0
DA:179,0
DA:186,0
DA:193,1
DA:194,0
DA:195,0
DA:197,0
DA:204,0
DA:205,0
DA:214,0
DA:225,0
DA:226,0
DA:228,0
DA:239,0
DA:242,0
DA:244,0
DA:250,0
DA:256,0
DA:258,0
DA:259,0
DA:268,0
DA:269,0
DA:270,0
DA:279,0
DA:280,0
DA:281,0
DA:290,0
DA:292,0
DA:303,0
DA:309,0
DA:346,1
LF:96
LH:17
BRDA:66,0,0,0
BRDA:66,0,1,0
BRDA:71,1,0,0
BRDA:71,1,1,0
BRDA:75,2,0,0
BRDA:75,2,1,0
BRDA:81,3,0,0
BRDA:81,3,1,0
BRDA:108,4,0,0
BRDA:108,4,1,0
BRDA:118,5,0,0
BRDA:118,5,1,0
BRDA:150,6,0,0
BRDA:150,6,1,0
BRDA:157,7,0,0
BRDA:157,7,1,0
BRDA:175,8,0,0
BRDA:175,8,1,0
BRDA:204,9,0,0
BRDA:204,9,1,0
BRDA:258,10,0,0
BRDA:258,10,1,0
BRDA:268,11,0,0
BRDA:268,11,1,0
BRDA:268,12,0,0
BRDA:268,12,1,0
BRDA:279,13,0,0
BRDA:279,13,1,0
BRF:28
BRH:0
end_of_record
TN:
SF:src/helpers/buildErrors.js
FN:2,(anonymous_0)
FN:9,(anonymous_1)
FN:14,(anonymous_2)
FN:19,(anonymous_3)
FN:29,(anonymous_4)
FN:30,(anonymous_5)
FN:39,(anonymous_6)
FN:40,(anonymous_7)
FN:48,(anonymous_8)
FN:67,(anonymous_9)
FN:71,(anonymous_10)
FN:83,(anonymous_11)
FN:87,(anonymous_12)
FN:94,(anonymous_13)
FNF:14
FNH:0
FNDA:0,(anonymous_0)
FNDA:0,(anonymous_1)
FNDA:0,(anonymous_2)
FNDA:0,(anonymous_3)
FNDA:0,(anonymous_4)
FNDA:0,(anonymous_5)
FNDA:0,(anonymous_6)
FNDA:0,(anonymous_7)
FNDA:0,(anonymous_8)
FNDA:0,(anonymous_9)
FNDA:0,(anonymous_10)
FNDA:0,(anonymous_11)
FNDA:0,(anonymous_12)
FNDA:0,(anonymous_13)
DA:3,0
DA:4,0
DA:5,0
DA:6,0
DA:10,0
DA:11,0
DA:15,0
DA:16,0
DA:20,0
DA:21,0
DA:23,0
DA:26,0
DA:30,0
DA:31,0
DA:36,0
DA:40,0
DA:41,0
DA:49,0
DA:50,0
DA:51,0
DA:53,0
DA:60,0
DA:67,2
DA:68,0
DA:69,0
DA:71,0
DA:72,0
DA:73,0
DA:74,0
DA:77,0
DA:80,0
DA:83,2
DA:84,0
DA:87,2
DA:88,0
DA:90,0
DA:91,0
DA:94,0
DA:95,0
DA:101,0
DA:104,2
LF:41
LH:4
BRDA:6,0,0,0
BRDA:6,0,1,0
BRDA:20,1,0,0
BRDA:20,1,1,0
BRDA:32,2,0,0
BRDA:32,2,1,0
BRDA:53,3,0,0
BRDA:53,3,1,0
BRDA:55,4,0,0
BRDA:55,4,1,0
BRDA:56,5,0,0
BRDA:56,5,1,0
BRDA:61,6,0,0
BRDA:61,6,1,0
BRDA:72,7,0,0
BRDA:72,7,1,0
BRDA:90,8,0,0
BRDA:90,8,1,0
BRF:18
BRH:0
end_of_record
TN:
SF:src/helpers/replacePathInError.js
FN:3,(anonymous_0)
FN:8,(anonymous_1)
FN:11,(anonymous_2)
FNF:3
FNH:0
FNDA:0,(anonymous_0)
FNDA:0,(anonymous_1)
FNDA:0,(anonymous_2)
DA:1,1
DA:3,1
DA:4,0
DA:5,0
DA:7,0
DA:8,0
DA:9,0
DA:11,0
DA:13,0
DA:14,0
DA:18,0
DA:21,1
LF:12
LH:3
BRDA:13,0,0,0
BRDA:13,0,1,0
BRF:2
BRH:0
end_of_record
TN:
SF:src/middlewares/auth.js
FN:4,(anonymous_0)
FNF:1
FNH:0
FNDA:0,(anonymous_0)
DA:1,1
DA:2,1
DA:4,1
DA:5,0
DA:6,0
DA:8,0
DA:9,0
DA:11,0
DA:14,0
DA:16,0
LF:10
LH:3
BRDA:8,0,0,0
BRDA:8,0,1,0
BRF:2
BRH:0
end_of_record
TN:
SF:src/middlewares/requireFullProfile.js
FN:3,(anonymous_0)
FNF:1
FNH:1
FNDA:1,(anonymous_0)
DA:1,1
DA:3,1
DA:4,1
DA:6,1
DA:7,0
DA:9,0
DA:12,1
LF:7
LH:5
BRDA:6,0,0,0
BRDA:6,0,1,1
BRF:2
BRH:1
end_of_record
TN:
SF:src/middlewares/userNotFound.js
FN:4,(anonymous_0)
FNF:1
FNH:1
FNDA:1,(anonymous_0)
DA:1,1
DA:2,1
DA:4,1
DA:5,1
DA:8,1
DA:9,1
DA:11,0
DA:13,0
DA:16,1
DA:17,0
DA:19,0
DA:22,1
DA:24,1
LF:13
LH:9
BRDA:16,0,0,0
BRDA:16,0,1,1
BRF:2
BRH:1
end_of_record
TN:
SF:src/models/category/Category.js
FNF:0
FNH:0
DA:1,1
DA:2,1
DA:4,1
DA:8,1
DA:20,1
LF:5
LH:5
BRF:0
BRH:0
end_of_record
TN:
SF:src/models/image/Image.js
FNF:0
FNH:0
DA:1,1
DA:2,1
DA:4,1
DA:8,1
DA:38,1
LF:5
LH:5
BRF:0
BRH:0
end_of_record
TN:
SF:src/models/request/Request.js
FN:75,(anonymous_0)
FN:87,(anonymous_1)
FN:103,(anonymous_2)
FN:118,(anonymous_3)
FN:127,(anonymous_4)
FN:141,(anonymous_5)
FN:150,(anonymous_6)
FN:166,(anonymous_7)
FN:175,(anonymous_8)
FN:213,(anonymous_9)
FN:231,(anonymous_10)
FNF:11
FNH:10
FNDA:1,(anonymous_0)
FNDA:0,(anonymous_1)
FNDA:1,(anonymous_2)
FNDA:1,(anonymous_3)
FNDA:1,(anonymous_4)
FNDA:1,(anonymous_5)
FNDA:1,(anonymous_6)
FNDA:1,(anonymous_7)
FNDA:1,(anonymous_8)
FNDA:3,(anonymous_9)
FNDA:2,(anonymous_10)
DA:1,1
DA:2,1
DA:3,1
DA:4,1
DA:6,1
DA:7,1
DA:8,1
DA:10,1
DA:11,1
DA:17,1
DA:21,1
DA:76,1
DA:78,1
DA:79,0
DA:88,0
DA:90,0
DA:91,0
DA:104,1
DA:105,1
DA:106,0
DA:119,1
DA:121,1
DA:122,0
DA:128,1
DA:129,0
DA:142,1
DA:144,1
DA:145,0
DA:151,1
DA:152,0
DA:167,1
DA:169,1
DA:170,0
DA:176,1
DA:177,0
DA:214,3
DA:215,3
DA:217,3
DA:218,0
DA:221,3
DA:222,0
DA:225,3
DA:226,0
DA:232,2
DA:238,1
LF:45
LH:31
BRDA:78,0,0,0
BRDA:78,0,1,1
BRDA:90,1,0,0
BRDA:90,1,1,0
BRDA:104,2,0,1
BRDA:104,2,1,0
BRDA:105,3,0,0
BRDA:105,3,1,1
BRDA:119,4,0,1
BRDA:119,4,1,0
BRDA:121,5,0,0
BRDA:121,5,1,1
BRDA:128,6,0,0
BRDA:128,6,1,1
BRDA:142,7,0,1
BRDA:142,7,1,0
BRDA:144,8,0,0
BRDA:144,8,1,1
BRDA:151,9,0,0
BRDA:151,9,1,1
BRDA:167,10,0,1
BRDA:167,10,1,0
BRDA:169,11,0,0
BRDA:169,11,1,1
BRDA:176,12,0,0
BRDA:176,12,1,1
BRDA:215,13,0,3
BRDA:215,13,1,0
BRDA:217,14,0,0
BRDA:217,14,1,3
BRDA:217,15,0,3
BRDA:217,15,1,0
BRDA:221,16,0,0
BRDA:221,16,1,3
BRDA:225,17,0,0
BRDA:225,17,1,3
BRF:36
BRH:17
end_of_record
TN:
SF:src/models/user/User.js
FN:34,(anonymous_0)
FN:54,(anonymous_1)
FN:59,(anonymous_2)
FN:122,(anonymous_3)
FNF:4
FNH:4
FNDA:2,(anonymous_0)
FNDA:2,(anonymous_1)
FNDA:2,(anonymous_2)
FNDA:2,(anonymous_3)
DA:1,1
DA:2,1
DA:3,1
DA:4,1
DA:5,1
DA:6,1
DA:7,1
DA:8,1
DA:9,1
DA:10,1
DA:12,1
DA:14,1
DA:18,1
DA:35,2
DA:41,2
DA:42,0
DA:55,2
DA:56,0
DA:60,2
DA:61,0
DA:123,2
DA:127,2
DA:129,2
DA:134,2
DA:136,2
DA:143,1
DA:148,1
DA:153,1
DA:158,1
DA:162,1
DA:166,1
DA:170,1
DA:175,1
DA:188,1
DA:192,1
DA:197,1
DA:202,1
DA:207,1
LF:38
LH:35
BRDA:41,0,0,0
BRDA:41,0,1,2
BRDA:55,1,0,0
BRDA:55,1,1,2
BRDA:60,2,0,0
BRDA:60,2,1,2
BRF:6
BRH:3
end_of_record
TN:
SF:src/models/user/UserBan.js
FNF:0
FNH:0
DA:1,1
DA:2,1
DA:4,1
DA:8,1
DA:53,1
LF:5
LH:5
BRF:0
BRH:0
end_of_record
TN:
SF:src/routes/index.js
FNF:0
FNH:0
DA:1,1
DA:2,1
DA:3,1
DA:4,1
DA:6,1
DA:8,1
DA:9,1
DA:10,1
DA:12,1
LF:9
LH:9
BRF:0
BRH:0
end_of_record
TN:
SF:src/routes/v1.0/GeneralRouter.js
FNF:0
FNH:0
DA:1,1
DA:2,1
DA:4,1
DA:6,1
DA:8,1
LF:5
LH:5
BRF:0
BRH:0
end_of_record
TN:
SF:src/routes/v1.0/RequestRouter.js
FNF:0
FNH:0
DA:1,1
DA:2,1
DA:3,1
DA:4,1
DA:6,1
DA:7,1
DA:12,1
DA:14,1
DA:16,1
DA:17,1
DA:18,1
DA:19,1
DA:20,1
DA:22,1
LF:14
LH:14
BRF:0
BRH:0
end_of_record
TN:
SF:src/routes/v1.0/UserRouter.js
FNF:0
FNH:0
DA:1,1
DA:2,1
DA:3,1
DA:4,1
DA:5,1
DA:6,1
DA:7,1
DA:13,1
DA:15,1
DA:17,1
DA:18,1
DA:19,1
DA:20,1
DA:21,1
DA:22,1
DA:23,1
DA:24,1
DA:25,1
DA:27,1
LF:19
LH:19
BRF:0
BRH:0
end_of_record
TN:
SF:src/services/AuthService.js
FN:4,(anonymous_0)
FN:12,(anonymous_1)
FNF:2
FNH:0
FNDA:0,(anonymous_0)
FNDA:0,(anonymous_1)
DA:1,2
DA:2,2
DA:4,2
DA:5,0
DA:7,0
DA:12,2
DA:13,0
DA:14,0
DA:16,0
DA:18,0
DA:22,2
LF:11
LH:5
BRF:0
BRH:0
end_of_record
TN:
SF:src/services/Aws.js
FN:24,(anonymous_0)
FN:40,(anonymous_1)
FN:44,(anonymous_2)
FN:52,(anonymous_3)
FN:53,(anonymous_4)
FN:64,(anonymous_5)
FN:68,(anonymous_6)
FN:74,(anonymous_7)
FN:75,(anonymous_8)
FNF:9
FNH:0
FNDA:0,(anonymous_0)
FNDA:0,(anonymous_1)
FNDA:0,(anonymous_2)
FNDA:0,(anonymous_3)
FNDA:0,(anonymous_4)
FNDA:0,(anonymous_5)
FNDA:0,(anonymous_6)
FNDA:0,(anonymous_7)
FNDA:0,(anonymous_8)
DA:1,1
DA:2,1
DA:3,1
DA:5,1
DA:10,1
DA:17,1
DA:19,1
DA:20,1
DA:22,1
DA:24,1
DA:27,0
DA:28,0
DA:29,0
DA:30,0
DA:31,0
DA:32,0
DA:34,0
DA:37,0
DA:40,1
DA:41,0
DA:44,1
DA:45,0
DA:52,0
DA:53,0
DA:54,0
DA:55,0
DA:56,0
DA:59,0
DA:64,1
DA:65,0
DA:68,1
DA:69,0
DA:74,0
DA:75,0
DA:76,0
DA:77,0
DA:78,0
DA:79,0
DA:80,0
DA:83,0
DA:88,1
LF:41
LH:15
BRDA:27,0,0,0
BRDA:27,0,1,0
BRDA:29,1,0,0
BRDA:29,1,1,0
BRDA:31,2,0,0
BRDA:31,2,1,0
BRDA:54,3,0,0
BRDA:54,3,1,0
BRDA:76,4,0,0
BRDA:76,4,1,0
BRF:10
BRH:0
end_of_record
TN:
SF:src/services/MailService.js
FN:16,(anonymous_0)
FN:29,(anonymous_1)
FNF:2
FNH:2
FNDA:1,(anonymous_0)
FNDA:2,(anonymous_1)
DA:1,1
DA:2,1
DA:3,1
DA:4,1
DA:6,1
DA:16,1
DA:17,1
DA:18,1
DA:21,0
DA:24,1
DA:26,1
DA:27,1
DA:29,1
DA:30,2
DA:31,0
DA:34,2
DA:42,1
LF:17
LH:15
BRDA:17,0,0,1
BRDA:17,0,1,0
BRDA:29,1,0,2
BRDA:30,2,0,0
BRDA:30,2,1,2
BRF:5
BRH:3
end_of_record
TN:
SF:src/services/OptimizeImageService.js
FN:5,(anonymous_0)
FN:8,(anonymous_1)
FN:9,(anonymous_2)
FNF:3
FNH:0
FNDA:0,(anonymous_0)
FNDA:0,(anonymous_1)
FNDA:0,(anonymous_2)
DA:1,1
DA:3,1
DA:5,1
DA:6,0
DA:8,0
DA:9,0
DA:10,0
DA:11,0
DA:12,0
DA:15,0
DA:20,1
LF:11
LH:4
BRDA:10,0,0,0
BRDA:10,0,1,0
BRF:2
BRH:0
end_of_record
TN:
SF:src/validators/user/StepOne.js
FNF:0
FNH:0
DA:1,1
DA:11,1
DA:22,1
DA:58,1
LF:4
LH:4
BRF:0
BRH:0
end_of_record
